{"/Users/gracebarna/HealthyLatinaLifestyle/Healthy-Latina-Lifestyle-Mobile-App/assets/add-plus-button.png": {"path":"/Users/gracebarna/HealthyLatinaLifestyle/Healthy-Latina-Lifestyle-Mobile-App/assets/add-plus-button.png","statementMap":{"0":{"start":{"line":1,"column":0},"end":{"line":1,"column":19}}},"fnMap":{},"branchMap":{},"s":{"0":1},"f":{},"b":{},"inputSourceMap":null,"_coverageSchema":"1a1c01bbd47fc00a2c39e90264f33305004495a9","hash":"120e7b573a0cbf775f7175fc347d423cab5115fc"}
,"/Users/gracebarna/HealthyLatinaLifestyle/Healthy-Latina-Lifestyle-Mobile-App/assets/logo-icon.png": {"path":"/Users/gracebarna/HealthyLatinaLifestyle/Healthy-Latina-Lifestyle-Mobile-App/assets/logo-icon.png","statementMap":{"0":{"start":{"line":1,"column":0},"end":{"line":1,"column":19}}},"fnMap":{},"branchMap":{},"s":{"0":1},"f":{},"b":{},"inputSourceMap":null,"_coverageSchema":"1a1c01bbd47fc00a2c39e90264f33305004495a9","hash":"b117de894a2c48489a7d96019b30ce16849d40e5"}
,"/Users/gracebarna/HealthyLatinaLifestyle/Healthy-Latina-Lifestyle-Mobile-App/assets/logo-title.png": {"path":"/Users/gracebarna/HealthyLatinaLifestyle/Healthy-Latina-Lifestyle-Mobile-App/assets/logo-title.png","statementMap":{"0":{"start":{"line":1,"column":0},"end":{"line":1,"column":19}}},"fnMap":{},"branchMap":{},"s":{"0":1},"f":{},"b":{},"inputSourceMap":null,"_coverageSchema":"1a1c01bbd47fc00a2c39e90264f33305004495a9","hash":"d8f90274b2c9e68275ae674cd4a27ee99b77b766"}
,"/Users/gracebarna/HealthyLatinaLifestyle/Healthy-Latina-Lifestyle-Mobile-App/assets/meditation.png": {"path":"/Users/gracebarna/HealthyLatinaLifestyle/Healthy-Latina-Lifestyle-Mobile-App/assets/meditation.png","statementMap":{"0":{"start":{"line":1,"column":0},"end":{"line":1,"column":19}}},"fnMap":{},"branchMap":{},"s":{"0":1},"f":{},"b":{},"inputSourceMap":null,"_coverageSchema":"1a1c01bbd47fc00a2c39e90264f33305004495a9","hash":"3470d0de8dcdf8ffa62ff23cddade2fe358dced9"}
,"/Users/gracebarna/HealthyLatinaLifestyle/Healthy-Latina-Lifestyle-Mobile-App/assets/timer.png": {"path":"/Users/gracebarna/HealthyLatinaLifestyle/Healthy-Latina-Lifestyle-Mobile-App/assets/timer.png","statementMap":{"0":{"start":{"line":1,"column":0},"end":{"line":1,"column":19}}},"fnMap":{},"branchMap":{},"s":{"0":1},"f":{},"b":{},"inputSourceMap":null,"_coverageSchema":"1a1c01bbd47fc00a2c39e90264f33305004495a9","hash":"5f606ba97206ca7fb4c2a02ffe81b68e36ddaf2c"}
,"/Users/gracebarna/HealthyLatinaLifestyle/Healthy-Latina-Lifestyle-Mobile-App/assets/temporary/Meditation3.png": {"path":"/Users/gracebarna/HealthyLatinaLifestyle/Healthy-Latina-Lifestyle-Mobile-App/assets/temporary/Meditation3.png","statementMap":{"0":{"start":{"line":1,"column":0},"end":{"line":1,"column":19}}},"fnMap":{},"branchMap":{},"s":{"0":1},"f":{},"b":{},"inputSourceMap":null,"_coverageSchema":"1a1c01bbd47fc00a2c39e90264f33305004495a9","hash":"9593f1ea356f669572bdfa02c899b45c064fb6a4"}
,"/Users/gracebarna/HealthyLatinaLifestyle/Healthy-Latina-Lifestyle-Mobile-App/src/components/ContentFilter.js": {"path":"/Users/gracebarna/HealthyLatinaLifestyle/Healthy-Latina-Lifestyle-Mobile-App/src/components/ContentFilter.js","statementMap":{"0":{"start":{"line":6,"column":23},"end":{"line":25,"column":1}},"1":{"start":{"line":27,"column":26},"end":{"line":71,"column":1}},"2":{"start":{"line":28,"column":2},"end":{"line":30,"column":9}},"3":{"start":{"line":29,"column":4},"end":{"line":29,"column":82}},"4":{"start":{"line":32,"column":2},"end":{"line":70,"column":4}},"5":{"start":{"line":41,"column":14},"end":{"line":48,"column":15}},"6":{"start":{"line":43,"column":16},"end":{"line":43,"column":87}},"7":{"start":{"line":43,"column":73},"end":{"line":43,"column":84}},"8":{"start":{"line":47,"column":16},"end":{"line":47,"column":71}},"9":{"start":{"line":57,"column":14},"end":{"line":64,"column":15}},"10":{"start":{"line":59,"column":16},"end":{"line":59,"column":87}},"11":{"start":{"line":59,"column":73},"end":{"line":59,"column":84}},"12":{"start":{"line":63,"column":16},"end":{"line":63,"column":71}},"13":{"start":{"line":73,"column":24},"end":{"line":117,"column":1}},"14":{"start":{"line":74,"column":2},"end":{"line":76,"column":9}},"15":{"start":{"line":75,"column":4},"end":{"line":75,"column":78}},"16":{"start":{"line":78,"column":2},"end":{"line":116,"column":4}},"17":{"start":{"line":87,"column":14},"end":{"line":94,"column":15}},"18":{"start":{"line":89,"column":16},"end":{"line":89,"column":84}},"19":{"start":{"line":89,"column":69},"end":{"line":89,"column":81}},"20":{"start":{"line":93,"column":16},"end":{"line":93,"column":68}},"21":{"start":{"line":103,"column":14},"end":{"line":110,"column":15}},"22":{"start":{"line":105,"column":16},"end":{"line":105,"column":84}},"23":{"start":{"line":105,"column":69},"end":{"line":105,"column":81}},"24":{"start":{"line":109,"column":16},"end":{"line":109,"column":68}},"25":{"start":{"line":119,"column":21},"end":{"line":151,"column":1}},"26":{"start":{"line":120,"column":2},"end":{"line":122,"column":9}},"27":{"start":{"line":121,"column":4},"end":{"line":121,"column":73}},"28":{"start":{"line":124,"column":2},"end":{"line":150,"column":4}},"29":{"start":{"line":130,"column":14},"end":{"line":145,"column":21}},"30":{"start":{"line":135,"column":20},"end":{"line":142,"column":21}},"31":{"start":{"line":137,"column":22},"end":{"line":137,"column":87}},"32":{"start":{"line":137,"column":71},"end":{"line":137,"column":84}},"33":{"start":{"line":141,"column":22},"end":{"line":141,"column":71}},"34":{"start":{"line":153,"column":24},"end":{"line":213,"column":1}},"35":{"start":{"line":154,"column":2},"end":{"line":156,"column":9}},"36":{"start":{"line":155,"column":4},"end":{"line":155,"column":78}},"37":{"start":{"line":158,"column":2},"end":{"line":212,"column":4}},"38":{"start":{"line":167,"column":14},"end":{"line":174,"column":15}},"39":{"start":{"line":169,"column":16},"end":{"line":169,"column":87}},"40":{"start":{"line":169,"column":69},"end":{"line":169,"column":84}},"41":{"start":{"line":173,"column":16},"end":{"line":173,"column":71}},"42":{"start":{"line":176,"column":53},"end":{"line":176,"column":75}},"43":{"start":{"line":176,"column":93},"end":{"line":176,"column":107}},"44":{"start":{"line":183,"column":14},"end":{"line":190,"column":15}},"45":{"start":{"line":185,"column":16},"end":{"line":185,"column":88}},"46":{"start":{"line":185,"column":69},"end":{"line":185,"column":85}},"47":{"start":{"line":189,"column":16},"end":{"line":189,"column":72}},"48":{"start":{"line":192,"column":53},"end":{"line":192,"column":76}},"49":{"start":{"line":192,"column":94},"end":{"line":192,"column":108}},"50":{"start":{"line":199,"column":14},"end":{"line":206,"column":15}},"51":{"start":{"line":201,"column":16},"end":{"line":201,"column":86}},"52":{"start":{"line":201,"column":69},"end":{"line":201,"column":83}},"53":{"start":{"line":205,"column":16},"end":{"line":205,"column":70}},"54":{"start":{"line":208,"column":53},"end":{"line":208,"column":74}},"55":{"start":{"line":208,"column":92},"end":{"line":208,"column":106}},"56":{"start":{"line":215,"column":20},"end":{"line":291,"column":1}},"57":{"start":{"line":216,"column":44},"end":{"line":216,"column":56}},"58":{"start":{"line":217,"column":40},"end":{"line":217,"column":52}},"59":{"start":{"line":218,"column":36},"end":{"line":218,"column":48}},"60":{"start":{"line":219,"column":40},"end":{"line":219,"column":52}},"61":{"start":{"line":221,"column":2},"end":{"line":290,"column":4}},"62":{"start":{"line":228,"column":8},"end":{"line":228,"column":46}},"63":{"start":{"line":264,"column":20},"end":{"line":264,"column":58}},"64":{"start":{"line":273,"column":48},"end":{"line":278,"column":21}},"65":{"start":{"line":279,"column":20},"end":{"line":279,"column":72}},"66":{"start":{"line":280,"column":20},"end":{"line":280,"column":121}},"67":{"start":{"line":281,"column":20},"end":{"line":281,"column":58}},"68":{"start":{"line":295,"column":34},"end":{"line":347,"column":1}},"69":{"start":{"line":297,"column":16},"end":{"line":297,"column":23}},"70":{"start":{"line":299,"column":2},"end":{"line":304,"column":3}},"71":{"start":{"line":300,"column":4},"end":{"line":303,"column":5}},"72":{"start":{"line":302,"column":6},"end":{"line":302,"column":102}},"73":{"start":{"line":302,"column":39},"end":{"line":302,"column":100}},"74":{"start":{"line":306,"column":2},"end":{"line":311,"column":3}},"75":{"start":{"line":307,"column":4},"end":{"line":310,"column":5}},"76":{"start":{"line":309,"column":6},"end":{"line":309,"column":98}},"77":{"start":{"line":309,"column":39},"end":{"line":309,"column":96}},"78":{"start":{"line":313,"column":2},"end":{"line":318,"column":3}},"79":{"start":{"line":314,"column":4},"end":{"line":317,"column":5}},"80":{"start":{"line":316,"column":6},"end":{"line":316,"column":114}},"81":{"start":{"line":316,"column":39},"end":{"line":316,"column":112}},"82":{"start":{"line":316,"column":80},"end":{"line":316,"column":111}},"83":{"start":{"line":320,"column":2},"end":{"line":343,"column":3}},"84":{"start":{"line":321,"column":4},"end":{"line":342,"column":5}},"85":{"start":{"line":323,"column":23},"end":{"line":323,"column":25}},"86":{"start":{"line":325,"column":18},"end":{"line":325,"column":78}},"87":{"start":{"line":325,"column":52},"end":{"line":325,"column":74}},"88":{"start":{"line":326,"column":19},"end":{"line":326,"column":80}},"89":{"start":{"line":326,"column":53},"end":{"line":326,"column":76}},"90":{"start":{"line":327,"column":17},"end":{"line":327,"column":76}},"91":{"start":{"line":327,"column":51},"end":{"line":327,"column":72}},"92":{"start":{"line":330,"column":6},"end":{"line":332,"column":7}},"93":{"start":{"line":331,"column":8},"end":{"line":331,"column":148}},"94":{"start":{"line":331,"column":62},"end":{"line":331,"column":117}},"95":{"start":{"line":331,"column":131},"end":{"line":331,"column":145}},"96":{"start":{"line":333,"column":6},"end":{"line":335,"column":7}},"97":{"start":{"line":334,"column":8},"end":{"line":334,"column":150}},"98":{"start":{"line":334,"column":62},"end":{"line":334,"column":119}},"99":{"start":{"line":334,"column":133},"end":{"line":334,"column":147}},"100":{"start":{"line":336,"column":6},"end":{"line":338,"column":7}},"101":{"start":{"line":337,"column":8},"end":{"line":337,"column":118}},"102":{"start":{"line":337,"column":62},"end":{"line":337,"column":87}},"103":{"start":{"line":337,"column":101},"end":{"line":337,"column":115}},"104":{"start":{"line":341,"column":6},"end":{"line":341,"column":80}},"105":{"start":{"line":341,"column":39},"end":{"line":341,"column":78}},"106":{"start":{"line":346,"column":2},"end":{"line":346,"column":17}}},"fnMap":{"0":{"name":"(anonymous_0)","decl":{"start":{"line":27,"column":26},"end":{"line":27,"column":27}},"loc":{"start":{"line":27,"column":37},"end":{"line":71,"column":1}},"line":27},"1":{"name":"(anonymous_1)","decl":{"start":{"line":28,"column":12},"end":{"line":28,"column":13}},"loc":{"start":{"line":28,"column":18},"end":{"line":30,"column":3}},"line":28},"2":{"name":"(anonymous_2)","decl":{"start":{"line":40,"column":21},"end":{"line":40,"column":22}},"loc":{"start":{"line":40,"column":27},"end":{"line":49,"column":13}},"line":40},"3":{"name":"(anonymous_3)","decl":{"start":{"line":43,"column":65},"end":{"line":43,"column":66}},"loc":{"start":{"line":43,"column":73},"end":{"line":43,"column":84}},"line":43},"4":{"name":"(anonymous_4)","decl":{"start":{"line":56,"column":21},"end":{"line":56,"column":22}},"loc":{"start":{"line":56,"column":27},"end":{"line":65,"column":13}},"line":56},"5":{"name":"(anonymous_5)","decl":{"start":{"line":59,"column":65},"end":{"line":59,"column":66}},"loc":{"start":{"line":59,"column":73},"end":{"line":59,"column":84}},"line":59},"6":{"name":"(anonymous_6)","decl":{"start":{"line":73,"column":24},"end":{"line":73,"column":25}},"loc":{"start":{"line":73,"column":35},"end":{"line":117,"column":1}},"line":73},"7":{"name":"(anonymous_7)","decl":{"start":{"line":74,"column":12},"end":{"line":74,"column":13}},"loc":{"start":{"line":74,"column":18},"end":{"line":76,"column":3}},"line":74},"8":{"name":"(anonymous_8)","decl":{"start":{"line":86,"column":21},"end":{"line":86,"column":22}},"loc":{"start":{"line":86,"column":27},"end":{"line":95,"column":13}},"line":86},"9":{"name":"(anonymous_9)","decl":{"start":{"line":89,"column":61},"end":{"line":89,"column":62}},"loc":{"start":{"line":89,"column":69},"end":{"line":89,"column":81}},"line":89},"10":{"name":"(anonymous_10)","decl":{"start":{"line":102,"column":21},"end":{"line":102,"column":22}},"loc":{"start":{"line":102,"column":27},"end":{"line":111,"column":13}},"line":102},"11":{"name":"(anonymous_11)","decl":{"start":{"line":105,"column":61},"end":{"line":105,"column":62}},"loc":{"start":{"line":105,"column":69},"end":{"line":105,"column":81}},"line":105},"12":{"name":"(anonymous_12)","decl":{"start":{"line":119,"column":21},"end":{"line":119,"column":22}},"loc":{"start":{"line":119,"column":32},"end":{"line":151,"column":1}},"line":119},"13":{"name":"(anonymous_13)","decl":{"start":{"line":120,"column":12},"end":{"line":120,"column":13}},"loc":{"start":{"line":120,"column":18},"end":{"line":122,"column":3}},"line":120},"14":{"name":"(anonymous_14)","decl":{"start":{"line":129,"column":40},"end":{"line":129,"column":41}},"loc":{"start":{"line":130,"column":14},"end":{"line":145,"column":21}},"line":130},"15":{"name":"(anonymous_15)","decl":{"start":{"line":134,"column":27},"end":{"line":134,"column":28}},"loc":{"start":{"line":134,"column":33},"end":{"line":143,"column":19}},"line":134},"16":{"name":"(anonymous_16)","decl":{"start":{"line":137,"column":63},"end":{"line":137,"column":64}},"loc":{"start":{"line":137,"column":71},"end":{"line":137,"column":84}},"line":137},"17":{"name":"(anonymous_17)","decl":{"start":{"line":153,"column":24},"end":{"line":153,"column":25}},"loc":{"start":{"line":153,"column":35},"end":{"line":213,"column":1}},"line":153},"18":{"name":"(anonymous_18)","decl":{"start":{"line":154,"column":12},"end":{"line":154,"column":13}},"loc":{"start":{"line":154,"column":18},"end":{"line":156,"column":3}},"line":154},"19":{"name":"(anonymous_19)","decl":{"start":{"line":166,"column":21},"end":{"line":166,"column":22}},"loc":{"start":{"line":166,"column":27},"end":{"line":175,"column":13}},"line":166},"20":{"name":"(anonymous_20)","decl":{"start":{"line":169,"column":61},"end":{"line":169,"column":62}},"loc":{"start":{"line":169,"column":69},"end":{"line":169,"column":84}},"line":169},"21":{"name":"(anonymous_21)","decl":{"start":{"line":176,"column":41},"end":{"line":176,"column":42}},"loc":{"start":{"line":176,"column":53},"end":{"line":176,"column":75}},"line":176},"22":{"name":"(anonymous_22)","decl":{"start":{"line":176,"column":81},"end":{"line":176,"column":82}},"loc":{"start":{"line":176,"column":93},"end":{"line":176,"column":107}},"line":176},"23":{"name":"(anonymous_23)","decl":{"start":{"line":182,"column":21},"end":{"line":182,"column":22}},"loc":{"start":{"line":182,"column":27},"end":{"line":191,"column":13}},"line":182},"24":{"name":"(anonymous_24)","decl":{"start":{"line":185,"column":61},"end":{"line":185,"column":62}},"loc":{"start":{"line":185,"column":69},"end":{"line":185,"column":85}},"line":185},"25":{"name":"(anonymous_25)","decl":{"start":{"line":192,"column":41},"end":{"line":192,"column":42}},"loc":{"start":{"line":192,"column":53},"end":{"line":192,"column":76}},"line":192},"26":{"name":"(anonymous_26)","decl":{"start":{"line":192,"column":82},"end":{"line":192,"column":83}},"loc":{"start":{"line":192,"column":94},"end":{"line":192,"column":108}},"line":192},"27":{"name":"(anonymous_27)","decl":{"start":{"line":198,"column":21},"end":{"line":198,"column":22}},"loc":{"start":{"line":198,"column":27},"end":{"line":207,"column":13}},"line":198},"28":{"name":"(anonymous_28)","decl":{"start":{"line":201,"column":61},"end":{"line":201,"column":62}},"loc":{"start":{"line":201,"column":69},"end":{"line":201,"column":83}},"line":201},"29":{"name":"(anonymous_29)","decl":{"start":{"line":208,"column":41},"end":{"line":208,"column":42}},"loc":{"start":{"line":208,"column":53},"end":{"line":208,"column":74}},"line":208},"30":{"name":"(anonymous_30)","decl":{"start":{"line":208,"column":80},"end":{"line":208,"column":81}},"loc":{"start":{"line":208,"column":92},"end":{"line":208,"column":106}},"line":208},"31":{"name":"(anonymous_31)","decl":{"start":{"line":215,"column":20},"end":{"line":215,"column":21}},"loc":{"start":{"line":215,"column":31},"end":{"line":291,"column":1}},"line":215},"32":{"name":"(anonymous_32)","decl":{"start":{"line":227,"column":22},"end":{"line":227,"column":23}},"loc":{"start":{"line":227,"column":28},"end":{"line":229,"column":7}},"line":227},"33":{"name":"(anonymous_33)","decl":{"start":{"line":263,"column":27},"end":{"line":263,"column":28}},"loc":{"start":{"line":263,"column":33},"end":{"line":265,"column":19}},"line":263},"34":{"name":"(anonymous_34)","decl":{"start":{"line":272,"column":27},"end":{"line":272,"column":28}},"loc":{"start":{"line":272,"column":33},"end":{"line":282,"column":19}},"line":272},"35":{"name":"(anonymous_35)","decl":{"start":{"line":295,"column":34},"end":{"line":295,"column":35}},"loc":{"start":{"line":295,"column":78},"end":{"line":347,"column":1}},"line":295},"36":{"name":"(anonymous_36)","decl":{"start":{"line":302,"column":31},"end":{"line":302,"column":32}},"loc":{"start":{"line":302,"column":39},"end":{"line":302,"column":100}},"line":302},"37":{"name":"(anonymous_37)","decl":{"start":{"line":309,"column":31},"end":{"line":309,"column":32}},"loc":{"start":{"line":309,"column":39},"end":{"line":309,"column":96}},"line":309},"38":{"name":"(anonymous_38)","decl":{"start":{"line":316,"column":31},"end":{"line":316,"column":32}},"loc":{"start":{"line":316,"column":39},"end":{"line":316,"column":112}},"line":316},"39":{"name":"(anonymous_39)","decl":{"start":{"line":316,"column":71},"end":{"line":316,"column":72}},"loc":{"start":{"line":316,"column":80},"end":{"line":316,"column":111}},"line":316},"40":{"name":"(anonymous_40)","decl":{"start":{"line":325,"column":40},"end":{"line":325,"column":41}},"loc":{"start":{"line":325,"column":52},"end":{"line":325,"column":74}},"line":325},"41":{"name":"(anonymous_41)","decl":{"start":{"line":326,"column":41},"end":{"line":326,"column":42}},"loc":{"start":{"line":326,"column":53},"end":{"line":326,"column":76}},"line":326},"42":{"name":"(anonymous_42)","decl":{"start":{"line":327,"column":39},"end":{"line":327,"column":40}},"loc":{"start":{"line":327,"column":51},"end":{"line":327,"column":72}},"line":327},"43":{"name":"(anonymous_43)","decl":{"start":{"line":331,"column":54},"end":{"line":331,"column":55}},"loc":{"start":{"line":331,"column":62},"end":{"line":331,"column":117}},"line":331},"44":{"name":"(anonymous_44)","decl":{"start":{"line":331,"column":123},"end":{"line":331,"column":124}},"loc":{"start":{"line":331,"column":131},"end":{"line":331,"column":145}},"line":331},"45":{"name":"(anonymous_45)","decl":{"start":{"line":334,"column":54},"end":{"line":334,"column":55}},"loc":{"start":{"line":334,"column":62},"end":{"line":334,"column":119}},"line":334},"46":{"name":"(anonymous_46)","decl":{"start":{"line":334,"column":125},"end":{"line":334,"column":126}},"loc":{"start":{"line":334,"column":133},"end":{"line":334,"column":147}},"line":334},"47":{"name":"(anonymous_47)","decl":{"start":{"line":337,"column":54},"end":{"line":337,"column":55}},"loc":{"start":{"line":337,"column":62},"end":{"line":337,"column":87}},"line":337},"48":{"name":"(anonymous_48)","decl":{"start":{"line":337,"column":93},"end":{"line":337,"column":94}},"loc":{"start":{"line":337,"column":101},"end":{"line":337,"column":115}},"line":337},"49":{"name":"(anonymous_49)","decl":{"start":{"line":341,"column":31},"end":{"line":341,"column":32}},"loc":{"start":{"line":341,"column":39},"end":{"line":341,"column":78}},"line":341}},"branchMap":{"0":{"loc":{"start":{"line":38,"column":25},"end":{"line":38,"column":105}},"type":"cond-expr","locations":[{"start":{"line":38,"column":62},"end":{"line":38,"column":89}},{"start":{"line":38,"column":92},"end":{"line":38,"column":105}}],"line":38},"1":{"loc":{"start":{"line":39,"column":24},"end":{"line":39,"column":112}},"type":"cond-expr","locations":[{"start":{"line":39,"column":61},"end":{"line":39,"column":92}},{"start":{"line":39,"column":95},"end":{"line":39,"column":112}}],"line":39},"2":{"loc":{"start":{"line":41,"column":14},"end":{"line":48,"column":15}},"type":"if","locations":[{"start":{"line":41,"column":14},"end":{"line":48,"column":15}},{"start":{"line":41,"column":14},"end":{"line":48,"column":15}}],"line":41},"3":{"loc":{"start":{"line":54,"column":25},"end":{"line":54,"column":105}},"type":"cond-expr","locations":[{"start":{"line":54,"column":62},"end":{"line":54,"column":89}},{"start":{"line":54,"column":92},"end":{"line":54,"column":105}}],"line":54},"4":{"loc":{"start":{"line":55,"column":24},"end":{"line":55,"column":112}},"type":"cond-expr","locations":[{"start":{"line":55,"column":61},"end":{"line":55,"column":92}},{"start":{"line":55,"column":95},"end":{"line":55,"column":112}}],"line":55},"5":{"loc":{"start":{"line":57,"column":14},"end":{"line":64,"column":15}},"type":"if","locations":[{"start":{"line":57,"column":14},"end":{"line":64,"column":15}},{"start":{"line":57,"column":14},"end":{"line":64,"column":15}}],"line":57},"6":{"loc":{"start":{"line":84,"column":25},"end":{"line":84,"column":104}},"type":"cond-expr","locations":[{"start":{"line":84,"column":61},"end":{"line":84,"column":88}},{"start":{"line":84,"column":91},"end":{"line":84,"column":104}}],"line":84},"7":{"loc":{"start":{"line":85,"column":24},"end":{"line":85,"column":111}},"type":"cond-expr","locations":[{"start":{"line":85,"column":60},"end":{"line":85,"column":91}},{"start":{"line":85,"column":94},"end":{"line":85,"column":111}}],"line":85},"8":{"loc":{"start":{"line":87,"column":14},"end":{"line":94,"column":15}},"type":"if","locations":[{"start":{"line":87,"column":14},"end":{"line":94,"column":15}},{"start":{"line":87,"column":14},"end":{"line":94,"column":15}}],"line":87},"9":{"loc":{"start":{"line":100,"column":25},"end":{"line":100,"column":104}},"type":"cond-expr","locations":[{"start":{"line":100,"column":61},"end":{"line":100,"column":88}},{"start":{"line":100,"column":91},"end":{"line":100,"column":104}}],"line":100},"10":{"loc":{"start":{"line":101,"column":24},"end":{"line":101,"column":111}},"type":"cond-expr","locations":[{"start":{"line":101,"column":60},"end":{"line":101,"column":91}},{"start":{"line":101,"column":94},"end":{"line":101,"column":111}}],"line":101},"11":{"loc":{"start":{"line":103,"column":14},"end":{"line":110,"column":15}},"type":"if","locations":[{"start":{"line":103,"column":14},"end":{"line":110,"column":15}},{"start":{"line":103,"column":14},"end":{"line":110,"column":15}}],"line":103},"12":{"loc":{"start":{"line":132,"column":31},"end":{"line":132,"column":109}},"type":"cond-expr","locations":[{"start":{"line":132,"column":66},"end":{"line":132,"column":93}},{"start":{"line":132,"column":96},"end":{"line":132,"column":109}}],"line":132},"13":{"loc":{"start":{"line":133,"column":30},"end":{"line":133,"column":116}},"type":"cond-expr","locations":[{"start":{"line":133,"column":65},"end":{"line":133,"column":96}},{"start":{"line":133,"column":99},"end":{"line":133,"column":116}}],"line":133},"14":{"loc":{"start":{"line":135,"column":20},"end":{"line":142,"column":21}},"type":"if","locations":[{"start":{"line":135,"column":20},"end":{"line":142,"column":21}},{"start":{"line":135,"column":20},"end":{"line":142,"column":21}}],"line":135},"15":{"loc":{"start":{"line":164,"column":25},"end":{"line":164,"column":107}},"type":"cond-expr","locations":[{"start":{"line":164,"column":64},"end":{"line":164,"column":91}},{"start":{"line":164,"column":94},"end":{"line":164,"column":107}}],"line":164},"16":{"loc":{"start":{"line":165,"column":24},"end":{"line":165,"column":114}},"type":"cond-expr","locations":[{"start":{"line":165,"column":63},"end":{"line":165,"column":94}},{"start":{"line":165,"column":97},"end":{"line":165,"column":114}}],"line":165},"17":{"loc":{"start":{"line":167,"column":14},"end":{"line":174,"column":15}},"type":"if","locations":[{"start":{"line":167,"column":14},"end":{"line":174,"column":15}},{"start":{"line":167,"column":14},"end":{"line":174,"column":15}}],"line":167},"18":{"loc":{"start":{"line":180,"column":25},"end":{"line":180,"column":108}},"type":"cond-expr","locations":[{"start":{"line":180,"column":65},"end":{"line":180,"column":92}},{"start":{"line":180,"column":95},"end":{"line":180,"column":108}}],"line":180},"19":{"loc":{"start":{"line":181,"column":24},"end":{"line":181,"column":115}},"type":"cond-expr","locations":[{"start":{"line":181,"column":64},"end":{"line":181,"column":95}},{"start":{"line":181,"column":98},"end":{"line":181,"column":115}}],"line":181},"20":{"loc":{"start":{"line":183,"column":14},"end":{"line":190,"column":15}},"type":"if","locations":[{"start":{"line":183,"column":14},"end":{"line":190,"column":15}},{"start":{"line":183,"column":14},"end":{"line":190,"column":15}}],"line":183},"21":{"loc":{"start":{"line":196,"column":25},"end":{"line":196,"column":106}},"type":"cond-expr","locations":[{"start":{"line":196,"column":63},"end":{"line":196,"column":90}},{"start":{"line":196,"column":93},"end":{"line":196,"column":106}}],"line":196},"22":{"loc":{"start":{"line":197,"column":24},"end":{"line":197,"column":113}},"type":"cond-expr","locations":[{"start":{"line":197,"column":62},"end":{"line":197,"column":93}},{"start":{"line":197,"column":96},"end":{"line":197,"column":113}}],"line":197},"23":{"loc":{"start":{"line":199,"column":14},"end":{"line":206,"column":15}},"type":"if","locations":[{"start":{"line":199,"column":14},"end":{"line":206,"column":15}},{"start":{"line":199,"column":14},"end":{"line":206,"column":15}}],"line":199},"24":{"loc":{"start":{"line":232,"column":14},"end":{"line":237,"column":25}},"type":"cond-expr","locations":[{"start":{"line":233,"column":14},"end":{"line":237,"column":18}},{"start":{"line":237,"column":21},"end":{"line":237,"column":25}}],"line":232},"25":{"loc":{"start":{"line":238,"column":14},"end":{"line":243,"column":25}},"type":"cond-expr","locations":[{"start":{"line":239,"column":14},"end":{"line":243,"column":18}},{"start":{"line":243,"column":21},"end":{"line":243,"column":25}}],"line":238},"26":{"loc":{"start":{"line":244,"column":14},"end":{"line":250,"column":25}},"type":"cond-expr","locations":[{"start":{"line":245,"column":14},"end":{"line":250,"column":18}},{"start":{"line":250,"column":21},"end":{"line":250,"column":25}}],"line":244},"27":{"loc":{"start":{"line":251,"column":14},"end":{"line":256,"column":25}},"type":"cond-expr","locations":[{"start":{"line":252,"column":14},"end":{"line":256,"column":18}},{"start":{"line":256,"column":21},"end":{"line":256,"column":25}}],"line":251},"28":{"loc":{"start":{"line":299,"column":2},"end":{"line":304,"column":3}},"type":"if","locations":[{"start":{"line":299,"column":2},"end":{"line":304,"column":3}},{"start":{"line":299,"column":2},"end":{"line":304,"column":3}}],"line":299},"29":{"loc":{"start":{"line":300,"column":4},"end":{"line":303,"column":5}},"type":"if","locations":[{"start":{"line":300,"column":4},"end":{"line":303,"column":5}},{"start":{"line":300,"column":4},"end":{"line":303,"column":5}}],"line":300},"30":{"loc":{"start":{"line":306,"column":2},"end":{"line":311,"column":3}},"type":"if","locations":[{"start":{"line":306,"column":2},"end":{"line":311,"column":3}},{"start":{"line":306,"column":2},"end":{"line":311,"column":3}}],"line":306},"31":{"loc":{"start":{"line":307,"column":4},"end":{"line":310,"column":5}},"type":"if","locations":[{"start":{"line":307,"column":4},"end":{"line":310,"column":5}},{"start":{"line":307,"column":4},"end":{"line":310,"column":5}}],"line":307},"32":{"loc":{"start":{"line":313,"column":2},"end":{"line":318,"column":3}},"type":"if","locations":[{"start":{"line":313,"column":2},"end":{"line":318,"column":3}},{"start":{"line":313,"column":2},"end":{"line":318,"column":3}}],"line":313},"33":{"loc":{"start":{"line":314,"column":4},"end":{"line":317,"column":5}},"type":"if","locations":[{"start":{"line":314,"column":4},"end":{"line":317,"column":5}},{"start":{"line":314,"column":4},"end":{"line":317,"column":5}}],"line":314},"34":{"loc":{"start":{"line":320,"column":2},"end":{"line":343,"column":3}},"type":"if","locations":[{"start":{"line":320,"column":2},"end":{"line":343,"column":3}},{"start":{"line":320,"column":2},"end":{"line":343,"column":3}}],"line":320},"35":{"loc":{"start":{"line":321,"column":4},"end":{"line":342,"column":5}},"type":"if","locations":[{"start":{"line":321,"column":4},"end":{"line":342,"column":5}},{"start":{"line":321,"column":4},"end":{"line":342,"column":5}}],"line":321},"36":{"loc":{"start":{"line":330,"column":6},"end":{"line":332,"column":7}},"type":"if","locations":[{"start":{"line":330,"column":6},"end":{"line":332,"column":7}},{"start":{"line":330,"column":6},"end":{"line":332,"column":7}}],"line":330},"37":{"loc":{"start":{"line":331,"column":62},"end":{"line":331,"column":117}},"type":"binary-expr","locations":[{"start":{"line":331,"column":62},"end":{"line":331,"column":88}},{"start":{"line":331,"column":92},"end":{"line":331,"column":117}}],"line":331},"38":{"loc":{"start":{"line":333,"column":6},"end":{"line":335,"column":7}},"type":"if","locations":[{"start":{"line":333,"column":6},"end":{"line":335,"column":7}},{"start":{"line":333,"column":6},"end":{"line":335,"column":7}}],"line":333},"39":{"loc":{"start":{"line":334,"column":62},"end":{"line":334,"column":119}},"type":"binary-expr","locations":[{"start":{"line":334,"column":62},"end":{"line":334,"column":89}},{"start":{"line":334,"column":93},"end":{"line":334,"column":119}}],"line":334},"40":{"loc":{"start":{"line":336,"column":6},"end":{"line":338,"column":7}},"type":"if","locations":[{"start":{"line":336,"column":6},"end":{"line":338,"column":7}},{"start":{"line":336,"column":6},"end":{"line":338,"column":7}}],"line":336}},"s":{"0":1,"1":1,"2":0,"3":0,"4":0,"5":0,"6":0,"7":0,"8":0,"9":0,"10":0,"11":0,"12":0,"13":1,"14":0,"15":0,"16":0,"17":0,"18":0,"19":0,"20":0,"21":0,"22":0,"23":0,"24":0,"25":1,"26":0,"27":0,"28":0,"29":0,"30":0,"31":0,"32":0,"33":0,"34":1,"35":0,"36":0,"37":0,"38":0,"39":0,"40":0,"41":0,"42":0,"43":0,"44":0,"45":0,"46":0,"47":0,"48":0,"49":0,"50":0,"51":0,"52":0,"53":0,"54":0,"55":0,"56":1,"57":0,"58":0,"59":0,"60":0,"61":0,"62":0,"63":0,"64":0,"65":0,"66":0,"67":0,"68":1,"69":0,"70":0,"71":0,"72":0,"73":0,"74":0,"75":0,"76":0,"77":0,"78":0,"79":0,"80":0,"81":0,"82":0,"83":0,"84":0,"85":0,"86":0,"87":0,"88":0,"89":0,"90":0,"91":0,"92":0,"93":0,"94":0,"95":0,"96":0,"97":0,"98":0,"99":0,"100":0,"101":0,"102":0,"103":0,"104":0,"105":0,"106":0},"f":{"0":0,"1":0,"2":0,"3":0,"4":0,"5":0,"6":0,"7":0,"8":0,"9":0,"10":0,"11":0,"12":0,"13":0,"14":0,"15":0,"16":0,"17":0,"18":0,"19":0,"20":0,"21":0,"22":0,"23":0,"24":0,"25":0,"26":0,"27":0,"28":0,"29":0,"30":0,"31":0,"32":0,"33":0,"34":0,"35":0,"36":0,"37":0,"38":0,"39":0,"40":0,"41":0,"42":0,"43":0,"44":0,"45":0,"46":0,"47":0,"48":0,"49":0},"b":{"0":[0,0],"1":[0,0],"2":[0,0],"3":[0,0],"4":[0,0],"5":[0,0],"6":[0,0],"7":[0,0],"8":[0,0],"9":[0,0],"10":[0,0],"11":[0,0],"12":[0,0],"13":[0,0],"14":[0,0],"15":[0,0],"16":[0,0],"17":[0,0],"18":[0,0],"19":[0,0],"20":[0,0],"21":[0,0],"22":[0,0],"23":[0,0],"24":[0,0],"25":[0,0],"26":[0,0],"27":[0,0],"28":[0,0],"29":[0,0],"30":[0,0],"31":[0,0],"32":[0,0],"33":[0,0],"34":[0,0],"35":[0,0],"36":[0,0],"37":[0,0],"38":[0,0],"39":[0,0],"40":[0,0]},"_coverageSchema":"1a1c01bbd47fc00a2c39e90264f33305004495a9","hash":"3be002a6398ddafe295dcac126ee52028d3601e7"}
,"/Users/gracebarna/HealthyLatinaLifestyle/Healthy-Latina-Lifestyle-Mobile-App/src/components/ContentList.js": {"path":"/Users/gracebarna/HealthyLatinaLifestyle/Healthy-Latina-Lifestyle-Mobile-App/src/components/ContentList.js","statementMap":{"0":{"start":{"line":11,"column":21},"end":{"line":21,"column":1}},"1":{"start":{"line":12,"column":2},"end":{"line":20,"column":4}},"2":{"start":{"line":17,"column":30},"end":{"line":17,"column":89}},"3":{"start":{"line":18,"column":30},"end":{"line":18,"column":44}},"4":{"start":{"line":23,"column":20},"end":{"line":44,"column":1}},"5":{"start":{"line":26,"column":17},"end":{"line":26,"column":75}},"6":{"start":{"line":27,"column":2},"end":{"line":27,"column":77}},"7":{"start":{"line":29,"column":2},"end":{"line":43,"column":4}},"8":{"start":{"line":32,"column":22},"end":{"line":32,"column":65}},"9":{"start":{"line":46,"column":20},"end":{"line":119,"column":1}},"10":{"start":{"line":47,"column":46},"end":{"line":47,"column":61}},"11":{"start":{"line":48,"column":38},"end":{"line":48,"column":50}},"12":{"start":{"line":49,"column":2},"end":{"line":78,"column":9}},"13":{"start":{"line":50,"column":28},"end":{"line":75,"column":5}},"14":{"start":{"line":51,"column":18},"end":{"line":51,"column":38}},"15":{"start":{"line":52,"column":6},"end":{"line":74,"column":9}},"16":{"start":{"line":55,"column":8},"end":{"line":70,"column":9}},"17":{"start":{"line":56,"column":10},"end":{"line":56,"column":34}},"18":{"start":{"line":59,"column":28},"end":{"line":59,"column":29}},"19":{"start":{"line":60,"column":10},"end":{"line":69,"column":12}},"20":{"start":{"line":62,"column":12},"end":{"line":62,"column":68}},"21":{"start":{"line":62,"column":37},"end":{"line":62,"column":66}},"22":{"start":{"line":63,"column":12},"end":{"line":63,"column":26}},"23":{"start":{"line":66,"column":12},"end":{"line":68,"column":13}},"24":{"start":{"line":67,"column":14},"end":{"line":67,"column":38}},"25":{"start":{"line":73,"column":8},"end":{"line":73,"column":56}},"26":{"start":{"line":77,"column":4},"end":{"line":77,"column":22}},"27":{"start":{"line":80,"column":42},"end":{"line":80,"column":62}},"28":{"start":{"line":81,"column":54},"end":{"line":81,"column":69}},"29":{"start":{"line":82,"column":46},"end":{"line":87,"column":4}},"30":{"start":{"line":88,"column":19},"end":{"line":88,"column":44}},"31":{"start":{"line":90,"column":2},"end":{"line":118,"column":4}},"32":{"start":{"line":98,"column":10},"end":{"line":98,"column":38}}},"fnMap":{"0":{"name":"(anonymous_0)","decl":{"start":{"line":11,"column":21},"end":{"line":11,"column":22}},"loc":{"start":{"line":11,"column":32},"end":{"line":21,"column":1}},"line":11},"1":{"name":"(anonymous_1)","decl":{"start":{"line":17,"column":20},"end":{"line":17,"column":21}},"loc":{"start":{"line":17,"column":30},"end":{"line":17,"column":89}},"line":17},"2":{"name":"(anonymous_2)","decl":{"start":{"line":18,"column":22},"end":{"line":18,"column":23}},"loc":{"start":{"line":18,"column":30},"end":{"line":18,"column":44}},"line":18},"3":{"name":"(anonymous_3)","decl":{"start":{"line":23,"column":20},"end":{"line":23,"column":21}},"loc":{"start":{"line":23,"column":62},"end":{"line":44,"column":1}},"line":23},"4":{"name":"(anonymous_4)","decl":{"start":{"line":32,"column":15},"end":{"line":32,"column":16}},"loc":{"start":{"line":32,"column":21},"end":{"line":32,"column":66}},"line":32},"5":{"name":"(anonymous_5)","decl":{"start":{"line":46,"column":20},"end":{"line":46,"column":21}},"loc":{"start":{"line":46,"column":31},"end":{"line":119,"column":1}},"line":46},"6":{"name":"(anonymous_6)","decl":{"start":{"line":49,"column":12},"end":{"line":49,"column":13}},"loc":{"start":{"line":49,"column":18},"end":{"line":78,"column":3}},"line":49},"7":{"name":"(anonymous_7)","decl":{"start":{"line":50,"column":28},"end":{"line":50,"column":29}},"loc":{"start":{"line":50,"column":40},"end":{"line":75,"column":5}},"line":50},"8":{"name":"(anonymous_8)","decl":{"start":{"line":53,"column":12},"end":{"line":53,"column":13}},"loc":{"start":{"line":53,"column":31},"end":{"line":71,"column":7}},"line":53},"9":{"name":"(anonymous_9)","decl":{"start":{"line":60,"column":32},"end":{"line":60,"column":33}},"loc":{"start":{"line":60,"column":41},"end":{"line":69,"column":11}},"line":60},"10":{"name":"(anonymous_10)","decl":{"start":{"line":62,"column":26},"end":{"line":62,"column":27}},"loc":{"start":{"line":62,"column":37},"end":{"line":62,"column":66}},"line":62},"11":{"name":"(anonymous_11)","decl":{"start":{"line":72,"column":13},"end":{"line":72,"column":14}},"loc":{"start":{"line":72,"column":24},"end":{"line":74,"column":7}},"line":72},"12":{"name":"(anonymous_12)","decl":{"start":{"line":97,"column":17},"end":{"line":97,"column":18}},"loc":{"start":{"line":97,"column":23},"end":{"line":99,"column":9}},"line":97}},"branchMap":{"0":{"loc":{"start":{"line":13,"column":4},"end":{"line":19,"column":84}},"type":"cond-expr","locations":[{"start":{"line":14,"column":6},"end":{"line":18,"column":48}},{"start":{"line":19,"column":6},"end":{"line":19,"column":84}}],"line":13},"1":{"loc":{"start":{"line":27,"column":13},"end":{"line":27,"column":76}},"type":"cond-expr","locations":[{"start":{"line":27,"column":47},"end":{"line":27,"column":65}},{"start":{"line":27,"column":68},"end":{"line":27,"column":76}}],"line":27},"2":{"loc":{"start":{"line":55,"column":8},"end":{"line":70,"column":9}},"type":"if","locations":[{"start":{"line":55,"column":8},"end":{"line":70,"column":9}},{"start":{"line":55,"column":8},"end":{"line":70,"column":9}}],"line":55},"3":{"loc":{"start":{"line":66,"column":12},"end":{"line":68,"column":13}},"type":"if","locations":[{"start":{"line":66,"column":12},"end":{"line":68,"column":13}},{"start":{"line":66,"column":12},"end":{"line":68,"column":13}}],"line":66},"4":{"loc":{"start":{"line":91,"column":4},"end":{"line":117,"column":24}},"type":"cond-expr","locations":[{"start":{"line":92,"column":4},"end":{"line":116,"column":11}},{"start":{"line":117,"column":6},"end":{"line":117,"column":24}}],"line":91}},"s":{"0":1,"1":0,"2":0,"3":0,"4":1,"5":0,"6":0,"7":0,"8":0,"9":1,"10":0,"11":0,"12":0,"13":0,"14":0,"15":0,"16":0,"17":0,"18":0,"19":0,"20":0,"21":0,"22":0,"23":0,"24":0,"25":0,"26":0,"27":0,"28":0,"29":0,"30":0,"31":0,"32":0},"f":{"0":0,"1":0,"2":0,"3":0,"4":0,"5":0,"6":0,"7":0,"8":0,"9":0,"10":0,"11":0,"12":0},"b":{"0":[0,0],"1":[0,0],"2":[0,0],"3":[0,0],"4":[0,0]},"_coverageSchema":"1a1c01bbd47fc00a2c39e90264f33305004495a9","hash":"728435670d6f3717becd8e04d1472af2e36602bd"}
,"/Users/gracebarna/HealthyLatinaLifestyle/Healthy-Latina-Lifestyle-Mobile-App/src/components/Controller.js": {"path":"/Users/gracebarna/HealthyLatinaLifestyle/Healthy-Latina-Lifestyle-Mobile-App/src/components/Controller.js","statementMap":{"0":{"start":{"line":7,"column":2},"end":{"line":19,"column":4}}},"fnMap":{"0":{"name":"Controller","decl":{"start":{"line":6,"column":24},"end":{"line":6,"column":34}},"loc":{"start":{"line":6,"column":94},"end":{"line":20,"column":1}},"line":6}},"branchMap":{},"s":{"0":2},"f":{"0":2},"b":{},"_coverageSchema":"1a1c01bbd47fc00a2c39e90264f33305004495a9","hash":"da6c2ec939dd8fe512bbfda2e54a70a6f582ed6d"}
,"/Users/gracebarna/HealthyLatinaLifestyle/Healthy-Latina-Lifestyle-Mobile-App/src/components/LoadingSpinner.js": {"path":"/Users/gracebarna/HealthyLatinaLifestyle/Healthy-Latina-Lifestyle-Mobile-App/src/components/LoadingSpinner.js","statementMap":{"0":{"start":{"line":6,"column":23},"end":{"line":16,"column":1}},"1":{"start":{"line":7,"column":2},"end":{"line":15,"column":4}}},"fnMap":{"0":{"name":"(anonymous_0)","decl":{"start":{"line":6,"column":23},"end":{"line":6,"column":24}},"loc":{"start":{"line":6,"column":29},"end":{"line":16,"column":1}},"line":6}},"branchMap":{},"s":{"0":1,"1":2},"f":{"0":2},"b":{},"_coverageSchema":"1a1c01bbd47fc00a2c39e90264f33305004495a9","hash":"fc040b33f6e2f74ce45342066d8f65fd4f7db072"}
,"/Users/gracebarna/HealthyLatinaLifestyle/Healthy-Latina-Lifestyle-Mobile-App/src/components/PlayerSlider.js": {"path":"/Users/gracebarna/HealthyLatinaLifestyle/Healthy-Latina-Lifestyle-Mobile-App/src/components/PlayerSlider.js","statementMap":{"0":{"start":{"line":8,"column":21},"end":{"line":35,"column":1}},"1":{"start":{"line":11,"column":17},"end":{"line":11,"column":76}},"2":{"start":{"line":12,"column":16},"end":{"line":12,"column":79}},"3":{"start":{"line":15,"column":2},"end":{"line":15,"column":74}},"4":{"start":{"line":16,"column":2},"end":{"line":16,"column":77}},"5":{"start":{"line":18,"column":2},"end":{"line":34,"column":3}},"6":{"start":{"line":22,"column":32},"end":{"line":22,"column":60}},"7":{"start":{"line":23,"column":36},"end":{"line":23,"column":64}}},"fnMap":{"0":{"name":"(anonymous_0)","decl":{"start":{"line":8,"column":21},"end":{"line":8,"column":22}},"loc":{"start":{"line":8,"column":32},"end":{"line":35,"column":1}},"line":8},"1":{"name":"(anonymous_1)","decl":{"start":{"line":22,"column":23},"end":{"line":22,"column":24}},"loc":{"start":{"line":22,"column":32},"end":{"line":22,"column":60}},"line":22},"2":{"name":"(anonymous_2)","decl":{"start":{"line":23,"column":27},"end":{"line":23,"column":28}},"loc":{"start":{"line":23,"column":36},"end":{"line":23,"column":64}},"line":23}},"branchMap":{"0":{"loc":{"start":{"line":15,"column":12},"end":{"line":15,"column":73}},"type":"cond-expr","locations":[{"start":{"line":15,"column":46},"end":{"line":15,"column":63}},{"start":{"line":15,"column":66},"end":{"line":15,"column":73}}],"line":15},"1":{"loc":{"start":{"line":16,"column":13},"end":{"line":16,"column":76}},"type":"cond-expr","locations":[{"start":{"line":16,"column":47},"end":{"line":16,"column":65}},{"start":{"line":16,"column":68},"end":{"line":16,"column":76}}],"line":16}},"s":{"0":1,"1":2,"2":2,"3":2,"4":2,"5":2,"6":0,"7":0},"f":{"0":2,"1":0,"2":0},"b":{"0":[2,0],"1":[2,0]},"_coverageSchema":"1a1c01bbd47fc00a2c39e90264f33305004495a9","hash":"e65806898a1de8738bcb5ed6e3c364af509ba02a"}
,"/Users/gracebarna/HealthyLatinaLifestyle/Healthy-Latina-Lifestyle-Mobile-App/src/components/Tags.js": {"path":"/Users/gracebarna/HealthyLatinaLifestyle/Healthy-Latina-Lifestyle-Mobile-App/src/components/Tags.js","statementMap":{"0":{"start":{"line":5,"column":13},"end":{"line":26,"column":1}},"1":{"start":{"line":7,"column":2},"end":{"line":16,"column":3}},"2":{"start":{"line":9,"column":6},"end":{"line":9,"column":30}},"3":{"start":{"line":10,"column":6},"end":{"line":10,"column":12}},"4":{"start":{"line":12,"column":6},"end":{"line":12,"column":30}},"5":{"start":{"line":13,"column":6},"end":{"line":13,"column":12}},"6":{"start":{"line":15,"column":6},"end":{"line":15,"column":22}},"7":{"start":{"line":18,"column":18},"end":{"line":18,"column":117}},"8":{"start":{"line":18,"column":60},"end":{"line":18,"column":116}},"9":{"start":{"line":20,"column":2},"end":{"line":25,"column":4}}},"fnMap":{"0":{"name":"(anonymous_0)","decl":{"start":{"line":5,"column":13},"end":{"line":5,"column":14}},"loc":{"start":{"line":5,"column":24},"end":{"line":26,"column":1}},"line":5},"1":{"name":"(anonymous_1)","decl":{"start":{"line":18,"column":42},"end":{"line":18,"column":43}},"loc":{"start":{"line":18,"column":60},"end":{"line":18,"column":116}},"line":18}},"branchMap":{"0":{"loc":{"start":{"line":7,"column":2},"end":{"line":16,"column":3}},"type":"switch","locations":[{"start":{"line":8,"column":4},"end":{"line":10,"column":12}},{"start":{"line":11,"column":4},"end":{"line":13,"column":12}},{"start":{"line":14,"column":4},"end":{"line":15,"column":22}}],"line":7},"1":{"loc":{"start":{"line":22,"column":8},"end":{"line":22,"column":88}},"type":"cond-expr","locations":[{"start":{"line":22,"column":27},"end":{"line":22,"column":81}},{"start":{"line":22,"column":84},"end":{"line":22,"column":88}}],"line":22}},"s":{"0":2,"1":0,"2":0,"3":0,"4":0,"5":0,"6":0,"7":0,"8":0,"9":0},"f":{"0":0,"1":0},"b":{"0":[0,0,0],"1":[0,0]},"_coverageSchema":"1a1c01bbd47fc00a2c39e90264f33305004495a9","hash":"fb8d24a9b2189cc8cdd25f699301c02292a39ad3"}
,"/Users/gracebarna/HealthyLatinaLifestyle/Healthy-Latina-Lifestyle-Mobile-App/src/components/actionbuttons.js": {"path":"/Users/gracebarna/HealthyLatinaLifestyle/Healthy-Latina-Lifestyle-Mobile-App/src/components/actionbuttons.js","statementMap":{"0":{"start":{"line":6,"column":22},"end":{"line":20,"column":3}},"1":{"start":{"line":7,"column":4},"end":{"line":19,"column":6}},"2":{"start":{"line":22,"column":22},"end":{"line":26,"column":3}},"3":{"start":{"line":23,"column":6},"end":{"line":25,"column":8}},"4":{"start":{"line":28,"column":21},"end":{"line":32,"column":1}},"5":{"start":{"line":29,"column":4},"end":{"line":31,"column":6}},"6":{"start":{"line":34,"column":22},"end":{"line":38,"column":3}},"7":{"start":{"line":35,"column":4},"end":{"line":37,"column":6}}},"fnMap":{"0":{"name":"(anonymous_0)","decl":{"start":{"line":6,"column":22},"end":{"line":6,"column":23}},"loc":{"start":{"line":6,"column":31},"end":{"line":20,"column":3}},"line":6},"1":{"name":"(anonymous_1)","decl":{"start":{"line":22,"column":22},"end":{"line":22,"column":23}},"loc":{"start":{"line":22,"column":32},"end":{"line":26,"column":3}},"line":22},"2":{"name":"(anonymous_2)","decl":{"start":{"line":28,"column":21},"end":{"line":28,"column":22}},"loc":{"start":{"line":28,"column":31},"end":{"line":32,"column":1}},"line":28},"3":{"name":"(anonymous_3)","decl":{"start":{"line":34,"column":22},"end":{"line":34,"column":23}},"loc":{"start":{"line":34,"column":31},"end":{"line":38,"column":3}},"line":34}},"branchMap":{},"s":{"0":1,"1":0,"2":1,"3":0,"4":1,"5":0,"6":1,"7":0},"f":{"0":0,"1":0,"2":0,"3":0},"b":{},"_coverageSchema":"1a1c01bbd47fc00a2c39e90264f33305004495a9","hash":"d9f01d6487d8e7466300ef741fab22bc59eec86e"}
,"/Users/gracebarna/HealthyLatinaLifestyle/Healthy-Latina-Lifestyle-Mobile-App/src/components/selectors.js": {"path":"/Users/gracebarna/HealthyLatinaLifestyle/Healthy-Latina-Lifestyle-Mobile-App/src/components/selectors.js","statementMap":{"0":{"start":{"line":5,"column":18},"end":{"line":18,"column":3}},"1":{"start":{"line":6,"column":4},"end":{"line":17,"column":5}},"2":{"start":{"line":20,"column":24},"end":{"line":28,"column":3}},"3":{"start":{"line":21,"column":4},"end":{"line":27,"column":6}},"4":{"start":{"line":30,"column":26},"end":{"line":42,"column":3}},"5":{"start":{"line":31,"column":6},"end":{"line":41,"column":8}},"6":{"start":{"line":44,"column":26},"end":{"line":56,"column":3}},"7":{"start":{"line":45,"column":6},"end":{"line":55,"column":8}},"8":{"start":{"line":58,"column":20},"end":{"line":62,"column":3}},"9":{"start":{"line":59,"column":4},"end":{"line":61,"column":6}}},"fnMap":{"0":{"name":"(anonymous_0)","decl":{"start":{"line":5,"column":18},"end":{"line":5,"column":19}},"loc":{"start":{"line":5,"column":29},"end":{"line":18,"column":3}},"line":5},"1":{"name":"(anonymous_1)","decl":{"start":{"line":20,"column":24},"end":{"line":20,"column":25}},"loc":{"start":{"line":20,"column":35},"end":{"line":28,"column":3}},"line":20},"2":{"name":"(anonymous_2)","decl":{"start":{"line":30,"column":26},"end":{"line":30,"column":27}},"loc":{"start":{"line":30,"column":36},"end":{"line":42,"column":3}},"line":30},"3":{"name":"(anonymous_3)","decl":{"start":{"line":44,"column":26},"end":{"line":44,"column":27}},"loc":{"start":{"line":44,"column":35},"end":{"line":56,"column":3}},"line":44},"4":{"name":"(anonymous_4)","decl":{"start":{"line":58,"column":20},"end":{"line":58,"column":21}},"loc":{"start":{"line":58,"column":26},"end":{"line":62,"column":3}},"line":58}},"branchMap":{"0":{"loc":{"start":{"line":36,"column":48},"end":{"line":36,"column":100}},"type":"cond-expr","locations":[{"start":{"line":36,"column":67},"end":{"line":36,"column":85}},{"start":{"line":36,"column":88},"end":{"line":36,"column":100}}],"line":36},"1":{"loc":{"start":{"line":50,"column":48},"end":{"line":50,"column":100}},"type":"cond-expr","locations":[{"start":{"line":50,"column":67},"end":{"line":50,"column":85}},{"start":{"line":50,"column":88},"end":{"line":50,"column":100}}],"line":50}},"s":{"0":1,"1":0,"2":1,"3":0,"4":1,"5":0,"6":1,"7":0,"8":1,"9":0},"f":{"0":0,"1":0,"2":0,"3":0,"4":0},"b":{"0":[0,0],"1":[0,0]},"_coverageSchema":"1a1c01bbd47fc00a2c39e90264f33305004495a9","hash":"1fb79b219e06becc8f4566387a91d7d87747bf30"}
,"/Users/gracebarna/HealthyLatinaLifestyle/Healthy-Latina-Lifestyle-Mobile-App/src/components/timerview.js": {"path":"/Users/gracebarna/HealthyLatinaLifestyle/Healthy-Latina-Lifestyle-Mobile-App/src/components/timerview.js","statementMap":{"0":{"start":{"line":8,"column":18},"end":{"line":12,"column":1}},"1":{"start":{"line":9,"column":4},"end":{"line":11,"column":6}}},"fnMap":{"0":{"name":"(anonymous_0)","decl":{"start":{"line":8,"column":18},"end":{"line":8,"column":19}},"loc":{"start":{"line":8,"column":29},"end":{"line":12,"column":1}},"line":8}},"branchMap":{},"s":{"0":1,"1":0},"f":{"0":0},"b":{},"_coverageSchema":"1a1c01bbd47fc00a2c39e90264f33305004495a9","hash":"e0e1bd49ba06646372c1153c1c3f5af193d9cf72"}
,"/Users/gracebarna/HealthyLatinaLifestyle/Healthy-Latina-Lifestyle-Mobile-App/src/screens/EditAccount.js": {"path":"/Users/gracebarna/HealthyLatinaLifestyle/Healthy-Latina-Lifestyle-Mobile-App/src/screens/EditAccount.js","statementMap":{"0":{"start":{"line":14,"column":20},"end":{"line":156,"column":1}},"1":{"start":{"line":16,"column":24},"end":{"line":16,"column":36}},"2":{"start":{"line":17,"column":26},"end":{"line":17,"column":38}},"3":{"start":{"line":18,"column":32},"end":{"line":18,"column":44}},"4":{"start":{"line":21,"column":0},"end":{"line":32,"column":6}},"5":{"start":{"line":29,"column":37},"end":{"line":29,"column":52}},"6":{"start":{"line":36,"column":0},"end":{"line":47,"column":6}},"7":{"start":{"line":44,"column":37},"end":{"line":44,"column":52}},"8":{"start":{"line":54,"column":13},"end":{"line":54,"column":40}},"9":{"start":{"line":56,"column":2},"end":{"line":56,"column":23}},"10":{"start":{"line":59,"column":14},"end":{"line":59,"column":68}},"11":{"start":{"line":61,"column":2},"end":{"line":65,"column":4}},"12":{"start":{"line":67,"column":2},"end":{"line":67,"column":35}},"13":{"start":{"line":76,"column":11},"end":{"line":76,"column":38}},"14":{"start":{"line":79,"column":12},"end":{"line":79,"column":66}},"15":{"start":{"line":80,"column":0},"end":{"line":80,"column":12}},"16":{"start":{"line":82,"column":0},"end":{"line":88,"column":3}},"17":{"start":{"line":89,"column":0},"end":{"line":89,"column":34}},"18":{"start":{"line":93,"column":2},"end":{"line":155,"column":4}},"19":{"start":{"line":116,"column":32},"end":{"line":116,"column":45}},"20":{"start":{"line":124,"column":36},"end":{"line":124,"column":57}},"21":{"start":{"line":132,"column":33},"end":{"line":132,"column":48}},"22":{"start":{"line":139,"column":47},"end":{"line":139,"column":89}},"23":{"start":{"line":145,"column":59},"end":{"line":145,"column":91}},"24":{"start":{"line":145,"column":92},"end":{"line":145,"column":125}},"25":{"start":{"line":150,"column":54},"end":{"line":150,"column":85}}},"fnMap":{"0":{"name":"(anonymous_0)","decl":{"start":{"line":14,"column":20},"end":{"line":14,"column":21}},"loc":{"start":{"line":14,"column":31},"end":{"line":156,"column":1}},"line":14},"1":{"name":"createTwoButtonAlertForDelete","decl":{"start":{"line":20,"column":9},"end":{"line":20,"column":38}},"loc":{"start":{"line":20,"column":40},"end":{"line":33,"column":1}},"line":20},"2":{"name":"(anonymous_2)","decl":{"start":{"line":29,"column":31},"end":{"line":29,"column":32}},"loc":{"start":{"line":29,"column":37},"end":{"line":29,"column":52}},"line":29},"3":{"name":"createTwoButtonAlertForUpdate","decl":{"start":{"line":35,"column":9},"end":{"line":35,"column":38}},"loc":{"start":{"line":35,"column":40},"end":{"line":48,"column":1}},"line":35},"4":{"name":"(anonymous_4)","decl":{"start":{"line":44,"column":31},"end":{"line":44,"column":32}},"loc":{"start":{"line":44,"column":37},"end":{"line":44,"column":52}},"line":44},"5":{"name":"updateProfile","decl":{"start":{"line":52,"column":10},"end":{"line":52,"column":23}},"loc":{"start":{"line":52,"column":25},"end":{"line":69,"column":1}},"line":52},"6":{"name":"deleteAccount","decl":{"start":{"line":75,"column":9},"end":{"line":75,"column":22}},"loc":{"start":{"line":75,"column":24},"end":{"line":89,"column":35}},"line":75},"7":{"name":"(anonymous_7)","decl":{"start":{"line":82,"column":19},"end":{"line":82,"column":20}},"loc":{"start":{"line":82,"column":30},"end":{"line":86,"column":1}},"line":82},"8":{"name":"(anonymous_8)","decl":{"start":{"line":86,"column":3},"end":{"line":86,"column":4}},"loc":{"start":{"line":86,"column":19},"end":{"line":88,"column":1}},"line":86},"9":{"name":"(anonymous_9)","decl":{"start":{"line":116,"column":24},"end":{"line":116,"column":25}},"loc":{"start":{"line":116,"column":32},"end":{"line":116,"column":45}},"line":116},"10":{"name":"(anonymous_10)","decl":{"start":{"line":124,"column":24},"end":{"line":124,"column":25}},"loc":{"start":{"line":124,"column":36},"end":{"line":124,"column":57}},"line":124},"11":{"name":"(anonymous_11)","decl":{"start":{"line":132,"column":24},"end":{"line":132,"column":25}},"loc":{"start":{"line":132,"column":33},"end":{"line":132,"column":48}},"line":132},"12":{"name":"(anonymous_12)","decl":{"start":{"line":139,"column":41},"end":{"line":139,"column":42}},"loc":{"start":{"line":139,"column":47},"end":{"line":139,"column":89}},"line":139},"13":{"name":"(anonymous_13)","decl":{"start":{"line":145,"column":52},"end":{"line":145,"column":53}},"loc":{"start":{"line":145,"column":58},"end":{"line":145,"column":126}},"line":145},"14":{"name":"(anonymous_14)","decl":{"start":{"line":150,"column":48},"end":{"line":150,"column":49}},"loc":{"start":{"line":150,"column":54},"end":{"line":150,"column":85}},"line":150}},"branchMap":{},"s":{"0":1,"1":2,"2":2,"3":2,"4":0,"5":0,"6":0,"7":0,"8":0,"9":0,"10":0,"11":0,"12":0,"13":0,"14":0,"15":0,"16":0,"17":0,"18":2,"19":0,"20":0,"21":0,"22":0,"23":0,"24":0,"25":0},"f":{"0":2,"1":0,"2":0,"3":0,"4":0,"5":0,"6":0,"7":0,"8":0,"9":0,"10":0,"11":0,"12":0,"13":0,"14":0},"b":{},"_coverageSchema":"1a1c01bbd47fc00a2c39e90264f33305004495a9","hash":"ba23904c5bd683838384a74cdefca5d2f6667498"}
,"/Users/gracebarna/HealthyLatinaLifestyle/Healthy-Latina-Lifestyle-Mobile-App/src/screens/Home.js": {"path":"/Users/gracebarna/HealthyLatinaLifestyle/Healthy-Latina-Lifestyle-Mobile-App/src/screens/Home.js","statementMap":{"0":{"start":{"line":6,"column":13},"end":{"line":41,"column":1}},"1":{"start":{"line":8,"column":2},"end":{"line":40,"column":4}},"2":{"start":{"line":19,"column":80},"end":{"line":19,"column":114}},"3":{"start":{"line":23,"column":80},"end":{"line":23,"column":123}},"4":{"start":{"line":27,"column":33},"end":{"line":27,"column":75}}},"fnMap":{"0":{"name":"(anonymous_0)","decl":{"start":{"line":6,"column":13},"end":{"line":6,"column":14}},"loc":{"start":{"line":6,"column":24},"end":{"line":41,"column":1}},"line":6},"1":{"name":"(anonymous_1)","decl":{"start":{"line":19,"column":74},"end":{"line":19,"column":75}},"loc":{"start":{"line":19,"column":80},"end":{"line":19,"column":114}},"line":19},"2":{"name":"(anonymous_2)","decl":{"start":{"line":23,"column":74},"end":{"line":23,"column":75}},"loc":{"start":{"line":23,"column":80},"end":{"line":23,"column":123}},"line":23},"3":{"name":"(anonymous_3)","decl":{"start":{"line":27,"column":27},"end":{"line":27,"column":28}},"loc":{"start":{"line":27,"column":33},"end":{"line":27,"column":75}},"line":27}},"branchMap":{},"s":{"0":1,"1":2,"2":0,"3":0,"4":0},"f":{"0":2,"1":0,"2":0,"3":0},"b":{},"_coverageSchema":"1a1c01bbd47fc00a2c39e90264f33305004495a9","hash":"2cddc7d15de88bc8a82d8245e929d9991af19bf3"}
,"/Users/gracebarna/HealthyLatinaLifestyle/Healthy-Latina-Lifestyle-Mobile-App/src/screens/Login.js": {"path":"/Users/gracebarna/HealthyLatinaLifestyle/Healthy-Latina-Lifestyle-Mobile-App/src/screens/Login.js","statementMap":{"0":{"start":{"line":17,"column":14},"end":{"line":101,"column":1}},"1":{"start":{"line":19,"column":31},"end":{"line":19,"column":43}},"2":{"start":{"line":20,"column":31},"end":{"line":20,"column":43}},"3":{"start":{"line":21,"column":31},"end":{"line":21,"column":46}},"4":{"start":{"line":25,"column":0},"end":{"line":30,"column":30}},"5":{"start":{"line":28,"column":15},"end":{"line":28,"column":64}},"6":{"start":{"line":30,"column":16},"end":{"line":30,"column":29}},"7":{"start":{"line":39,"column":0},"end":{"line":39,"column":42}},"8":{"start":{"line":40,"column":0},"end":{"line":40,"column":14}},"9":{"start":{"line":43,"column":2},"end":{"line":100,"column":4}},"10":{"start":{"line":60,"column":38},"end":{"line":60,"column":59}},"11":{"start":{"line":70,"column":40},"end":{"line":70,"column":61}},"12":{"start":{"line":77,"column":40},"end":{"line":77,"column":53}},"13":{"start":{"line":82,"column":51},"end":{"line":82,"column":88}},"14":{"start":{"line":90,"column":50},"end":{"line":90,"column":71}}},"fnMap":{"0":{"name":"(anonymous_0)","decl":{"start":{"line":17,"column":14},"end":{"line":17,"column":15}},"loc":{"start":{"line":17,"column":25},"end":{"line":101,"column":1}},"line":17},"1":{"name":"handleLogon","decl":{"start":{"line":23,"column":9},"end":{"line":23,"column":20}},"loc":{"start":{"line":23,"column":22},"end":{"line":36,"column":1}},"line":23},"2":{"name":"(anonymous_2)","decl":{"start":{"line":28,"column":6},"end":{"line":28,"column":7}},"loc":{"start":{"line":28,"column":13},"end":{"line":29,"column":1}},"line":28},"3":{"name":"(anonymous_3)","decl":{"start":{"line":30,"column":7},"end":{"line":30,"column":8}},"loc":{"start":{"line":30,"column":16},"end":{"line":30,"column":29}},"line":30},"4":{"name":"handlePasswordReset","decl":{"start":{"line":38,"column":9},"end":{"line":38,"column":28}},"loc":{"start":{"line":38,"column":30},"end":{"line":42,"column":1}},"line":38},"5":{"name":"(anonymous_5)","decl":{"start":{"line":60,"column":26},"end":{"line":60,"column":27}},"loc":{"start":{"line":60,"column":38},"end":{"line":60,"column":59}},"line":60},"6":{"name":"(anonymous_6)","decl":{"start":{"line":70,"column":26},"end":{"line":70,"column":27}},"loc":{"start":{"line":70,"column":40},"end":{"line":70,"column":61}},"line":70},"7":{"name":"(anonymous_7)","decl":{"start":{"line":77,"column":34},"end":{"line":77,"column":35}},"loc":{"start":{"line":77,"column":40},"end":{"line":77,"column":53}},"line":77},"8":{"name":"(anonymous_8)","decl":{"start":{"line":82,"column":45},"end":{"line":82,"column":46}},"loc":{"start":{"line":82,"column":51},"end":{"line":82,"column":88}},"line":82},"9":{"name":"(anonymous_9)","decl":{"start":{"line":90,"column":44},"end":{"line":90,"column":45}},"loc":{"start":{"line":90,"column":50},"end":{"line":90,"column":71}},"line":90}},"branchMap":{"0":{"loc":{"start":{"line":86,"column":11},"end":{"line":92,"column":12}},"type":"binary-expr","locations":[{"start":{"line":86,"column":11},"end":{"line":86,"column":23}},{"start":{"line":87,"column":10},"end":{"line":92,"column":12}}],"line":86}},"s":{"0":1,"1":2,"2":2,"3":2,"4":0,"5":0,"6":0,"7":0,"8":0,"9":2,"10":0,"11":0,"12":0,"13":0,"14":0},"f":{"0":2,"1":0,"2":0,"3":0,"4":0,"5":0,"6":0,"7":0,"8":0,"9":0},"b":{"0":[2,0]},"_coverageSchema":"1a1c01bbd47fc00a2c39e90264f33305004495a9","hash":"0f6532176fad19a1bf0c1263803c2092c4b810cd"}
,"/Users/gracebarna/HealthyLatinaLifestyle/Healthy-Latina-Lifestyle-Mobile-App/src/screens/Meditation.js": {"path":"/Users/gracebarna/HealthyLatinaLifestyle/Healthy-Latina-Lifestyle-Mobile-App/src/screens/Meditation.js","statementMap":{"0":{"start":{"line":8,"column":15},"end":{"line":10,"column":1}},"1":{"start":{"line":9,"column":2},"end":{"line":9,"column":39}},"2":{"start":{"line":11,"column":14},"end":{"line":13,"column":1}},"3":{"start":{"line":12,"column":2},"end":{"line":12,"column":36}},"4":{"start":{"line":14,"column":16},"end":{"line":16,"column":1}},"5":{"start":{"line":15,"column":2},"end":{"line":15,"column":24}},"6":{"start":{"line":18,"column":19},"end":{"line":40,"column":1}},"7":{"start":{"line":19,"column":42},"end":{"line":19,"column":53}},"8":{"start":{"line":21,"column":15},"end":{"line":21,"column":27}},"9":{"start":{"line":22,"column":2},"end":{"line":39,"column":4}}},"fnMap":{"0":{"name":"(anonymous_0)","decl":{"start":{"line":8,"column":15},"end":{"line":8,"column":16}},"loc":{"start":{"line":8,"column":21},"end":{"line":10,"column":1}},"line":8},"1":{"name":"(anonymous_1)","decl":{"start":{"line":11,"column":14},"end":{"line":11,"column":15}},"loc":{"start":{"line":11,"column":20},"end":{"line":13,"column":1}},"line":11},"2":{"name":"(anonymous_2)","decl":{"start":{"line":14,"column":16},"end":{"line":14,"column":17}},"loc":{"start":{"line":14,"column":22},"end":{"line":16,"column":1}},"line":14},"3":{"name":"(anonymous_3)","decl":{"start":{"line":18,"column":19},"end":{"line":18,"column":20}},"loc":{"start":{"line":18,"column":32},"end":{"line":40,"column":1}},"line":18}},"branchMap":{},"s":{"0":1,"1":0,"2":1,"3":0,"4":1,"5":0,"6":1,"7":2,"8":2,"9":2},"f":{"0":0,"1":0,"2":0,"3":2},"b":{},"_coverageSchema":"1a1c01bbd47fc00a2c39e90264f33305004495a9","hash":"cac1fe4f21ad78fba09cdda1243d3c761a0a7440"}
,"/Users/gracebarna/HealthyLatinaLifestyle/Healthy-Latina-Lifestyle-Mobile-App/src/screens/MeditationList.js": {"path":"/Users/gracebarna/HealthyLatinaLifestyle/Healthy-Latina-Lifestyle-Mobile-App/src/screens/MeditationList.js","statementMap":{"0":{"start":{"line":14,"column":23},"end":{"line":86,"column":1}},"1":{"start":{"line":15,"column":26},"end":{"line":15,"column":38}},"2":{"start":{"line":16,"column":34},"end":{"line":16,"column":49}},"3":{"start":{"line":18,"column":2},"end":{"line":64,"column":9}},"4":{"start":{"line":19,"column":22},"end":{"line":61,"column":5}},"5":{"start":{"line":20,"column":18},"end":{"line":20,"column":38}},"6":{"start":{"line":21,"column":6},"end":{"line":60,"column":9}},"7":{"start":{"line":24,"column":8},"end":{"line":56,"column":9}},"8":{"start":{"line":25,"column":10},"end":{"line":25,"column":28}},"9":{"start":{"line":28,"column":28},"end":{"line":28,"column":29}},"10":{"start":{"line":29,"column":10},"end":{"line":55,"column":12}},"11":{"start":{"line":30,"column":25},"end":{"line":30,"column":35}},"12":{"start":{"line":31,"column":12},"end":{"line":31,"column":38}},"13":{"start":{"line":34,"column":26},"end":{"line":34,"column":44}},"14":{"start":{"line":35,"column":32},"end":{"line":35,"column":61}},"15":{"start":{"line":36,"column":12},"end":{"line":54,"column":15}},"16":{"start":{"line":38,"column":14},"end":{"line":38,"column":37}},"17":{"start":{"line":41,"column":14},"end":{"line":41,"column":154}},"18":{"start":{"line":45,"column":14},"end":{"line":45,"column":55}},"19":{"start":{"line":45,"column":33},"end":{"line":45,"column":53}},"20":{"start":{"line":47,"column":14},"end":{"line":47,"column":28}},"21":{"start":{"line":51,"column":14},"end":{"line":53,"column":15}},"22":{"start":{"line":52,"column":16},"end":{"line":52,"column":34}},"23":{"start":{"line":59,"column":8},"end":{"line":59,"column":56}},"24":{"start":{"line":63,"column":4},"end":{"line":63,"column":16}},"25":{"start":{"line":66,"column":2},"end":{"line":85,"column":4}},"26":{"start":{"line":75,"column":42},"end":{"line":75,"column":73}},"27":{"start":{"line":81,"column":73},"end":{"line":81,"column":112}}},"fnMap":{"0":{"name":"(anonymous_0)","decl":{"start":{"line":14,"column":23},"end":{"line":14,"column":24}},"loc":{"start":{"line":14,"column":34},"end":{"line":86,"column":1}},"line":14},"1":{"name":"(anonymous_1)","decl":{"start":{"line":18,"column":12},"end":{"line":18,"column":13}},"loc":{"start":{"line":18,"column":18},"end":{"line":64,"column":3}},"line":18},"2":{"name":"(anonymous_2)","decl":{"start":{"line":19,"column":22},"end":{"line":19,"column":23}},"loc":{"start":{"line":19,"column":34},"end":{"line":61,"column":5}},"line":19},"3":{"name":"(anonymous_3)","decl":{"start":{"line":22,"column":12},"end":{"line":22,"column":13}},"loc":{"start":{"line":22,"column":31},"end":{"line":57,"column":7}},"line":22},"4":{"name":"(anonymous_4)","decl":{"start":{"line":29,"column":32},"end":{"line":29,"column":33}},"loc":{"start":{"line":29,"column":41},"end":{"line":55,"column":11}},"line":29},"5":{"name":"(anonymous_5)","decl":{"start":{"line":37,"column":18},"end":{"line":37,"column":19}},"loc":{"start":{"line":37,"column":27},"end":{"line":39,"column":13}},"line":37},"6":{"name":"(anonymous_6)","decl":{"start":{"line":40,"column":19},"end":{"line":40,"column":20}},"loc":{"start":{"line":40,"column":30},"end":{"line":42,"column":13}},"line":40},"7":{"name":"(anonymous_7)","decl":{"start":{"line":43,"column":21},"end":{"line":43,"column":22}},"loc":{"start":{"line":43,"column":27},"end":{"line":54,"column":13}},"line":43},"8":{"name":"(anonymous_8)","decl":{"start":{"line":45,"column":22},"end":{"line":45,"column":23}},"loc":{"start":{"line":45,"column":33},"end":{"line":45,"column":53}},"line":45},"9":{"name":"(anonymous_9)","decl":{"start":{"line":58,"column":13},"end":{"line":58,"column":14}},"loc":{"start":{"line":58,"column":24},"end":{"line":60,"column":7}},"line":58},"10":{"name":"(anonymous_10)","decl":{"start":{"line":75,"column":26},"end":{"line":75,"column":27}},"loc":{"start":{"line":75,"column":42},"end":{"line":75,"column":73}},"line":75},"11":{"name":"(anonymous_11)","decl":{"start":{"line":81,"column":67},"end":{"line":81,"column":68}},"loc":{"start":{"line":81,"column":73},"end":{"line":81,"column":112}},"line":81}},"branchMap":{"0":{"loc":{"start":{"line":24,"column":8},"end":{"line":56,"column":9}},"type":"if","locations":[{"start":{"line":24,"column":8},"end":{"line":56,"column":9}},{"start":{"line":24,"column":8},"end":{"line":56,"column":9}}],"line":24},"1":{"loc":{"start":{"line":51,"column":14},"end":{"line":53,"column":15}},"type":"if","locations":[{"start":{"line":51,"column":14},"end":{"line":53,"column":15}},{"start":{"line":51,"column":14},"end":{"line":53,"column":15}}],"line":51},"2":{"loc":{"start":{"line":70,"column":6},"end":{"line":77,"column":28}},"type":"cond-expr","locations":[{"start":{"line":71,"column":8},"end":{"line":76,"column":58}},{"start":{"line":77,"column":10},"end":{"line":77,"column":28}}],"line":70}},"s":{"0":1,"1":2,"2":2,"3":2,"4":1,"5":1,"6":0,"7":0,"8":0,"9":0,"10":0,"11":0,"12":0,"13":0,"14":0,"15":0,"16":0,"17":0,"18":0,"19":0,"20":0,"21":0,"22":0,"23":0,"24":1,"25":2,"26":0,"27":0},"f":{"0":2,"1":1,"2":1,"3":0,"4":0,"5":0,"6":0,"7":0,"8":0,"9":0,"10":0,"11":0},"b":{"0":[0,0],"1":[0,0],"2":[0,2]},"_coverageSchema":"1a1c01bbd47fc00a2c39e90264f33305004495a9","hash":"76ca9371ce7bd7153bbc46a043d0173ab3784f25"}
,"/Users/gracebarna/HealthyLatinaLifestyle/Healthy-Latina-Lifestyle-Mobile-App/src/screens/Register.js": {"path":"/Users/gracebarna/HealthyLatinaLifestyle/Healthy-Latina-Lifestyle-Mobile-App/src/screens/Register.js","statementMap":{"0":{"start":{"line":12,"column":17},"end":{"line":95,"column":1}},"1":{"start":{"line":14,"column":23},"end":{"line":14,"column":35}},"2":{"start":{"line":15,"column":25},"end":{"line":15,"column":37}},"3":{"start":{"line":16,"column":31},"end":{"line":16,"column":43}},"4":{"start":{"line":17,"column":31},"end":{"line":17,"column":43}},"5":{"start":{"line":22,"column":23},"end":{"line":22,"column":92}},"6":{"start":{"line":24,"column":15},"end":{"line":24,"column":38}},"7":{"start":{"line":26,"column":12},"end":{"line":26,"column":64}},"8":{"start":{"line":27,"column":0},"end":{"line":37,"column":3}},"9":{"start":{"line":33,"column":4},"end":{"line":33,"column":50}},"10":{"start":{"line":36,"column":4},"end":{"line":36,"column":53}},"11":{"start":{"line":41,"column":0},"end":{"line":41,"column":33}},"12":{"start":{"line":45,"column":2},"end":{"line":94,"column":4}},"13":{"start":{"line":56,"column":32},"end":{"line":56,"column":45}},"14":{"start":{"line":64,"column":35},"end":{"line":64,"column":50}},"15":{"start":{"line":72,"column":38},"end":{"line":72,"column":59}},"16":{"start":{"line":81,"column":38},"end":{"line":81,"column":59}},"17":{"start":{"line":88,"column":47},"end":{"line":88,"column":62}}},"fnMap":{"0":{"name":"(anonymous_0)","decl":{"start":{"line":12,"column":17},"end":{"line":12,"column":18}},"loc":{"start":{"line":12,"column":28},"end":{"line":95,"column":1}},"line":12},"1":{"name":"createAccount","decl":{"start":{"line":19,"column":15},"end":{"line":19,"column":28}},"loc":{"start":{"line":19,"column":30},"end":{"line":43,"column":1}},"line":19},"2":{"name":"(anonymous_2)","decl":{"start":{"line":32,"column":6},"end":{"line":32,"column":7}},"loc":{"start":{"line":32,"column":12},"end":{"line":34,"column":1}},"line":32},"3":{"name":"(anonymous_3)","decl":{"start":{"line":35,"column":7},"end":{"line":35,"column":8}},"loc":{"start":{"line":35,"column":18},"end":{"line":37,"column":1}},"line":35},"4":{"name":"(anonymous_4)","decl":{"start":{"line":56,"column":24},"end":{"line":56,"column":25}},"loc":{"start":{"line":56,"column":32},"end":{"line":56,"column":45}},"line":56},"5":{"name":"(anonymous_5)","decl":{"start":{"line":64,"column":24},"end":{"line":64,"column":25}},"loc":{"start":{"line":64,"column":35},"end":{"line":64,"column":50}},"line":64},"6":{"name":"(anonymous_6)","decl":{"start":{"line":72,"column":24},"end":{"line":72,"column":25}},"loc":{"start":{"line":72,"column":38},"end":{"line":72,"column":59}},"line":72},"7":{"name":"(anonymous_7)","decl":{"start":{"line":81,"column":24},"end":{"line":81,"column":25}},"loc":{"start":{"line":81,"column":38},"end":{"line":81,"column":59}},"line":81},"8":{"name":"(anonymous_8)","decl":{"start":{"line":88,"column":41},"end":{"line":88,"column":42}},"loc":{"start":{"line":88,"column":47},"end":{"line":88,"column":62}},"line":88}},"branchMap":{},"s":{"0":1,"1":2,"2":2,"3":2,"4":2,"5":0,"6":0,"7":0,"8":0,"9":0,"10":0,"11":0,"12":2,"13":0,"14":0,"15":0,"16":0,"17":0},"f":{"0":2,"1":0,"2":0,"3":0,"4":0,"5":0,"6":0,"7":0,"8":0},"b":{},"_coverageSchema":"1a1c01bbd47fc00a2c39e90264f33305004495a9","hash":"23db8d4582d701747715a67ef6b6cd039dc2a6c0"}
,"/Users/gracebarna/HealthyLatinaLifestyle/Healthy-Latina-Lifestyle-Mobile-App/src/screens/Timer.js": {"path":"/Users/gracebarna/HealthyLatinaLifestyle/Healthy-Latina-Lifestyle-Mobile-App/src/screens/Timer.js","statementMap":{"0":{"start":{"line":11,"column":4},"end":{"line":11,"column":11}},"1":{"start":{"line":12,"column":4},"end":{"line":20,"column":5}},"2":{"start":{"line":21,"column":4},"end":{"line":21,"column":32}},"3":{"start":{"line":24,"column":17},"end":{"line":27,"column":3}},"4":{"start":{"line":25,"column":4},"end":{"line":25,"column":101}},"5":{"start":{"line":25,"column":32},"end":{"line":25,"column":99}},"6":{"start":{"line":26,"column":4},"end":{"line":26,"column":60}},"7":{"start":{"line":29,"column":21},"end":{"line":35,"column":3}},"8":{"start":{"line":30,"column":4},"end":{"line":30,"column":62}},"9":{"start":{"line":30,"column":32},"end":{"line":30,"column":60}},"10":{"start":{"line":31,"column":4},"end":{"line":34,"column":5}},"11":{"start":{"line":32,"column":6},"end":{"line":32,"column":49}},"12":{"start":{"line":33,"column":6},"end":{"line":33,"column":24}},"13":{"start":{"line":37,"column":16},"end":{"line":39,"column":3}},"14":{"start":{"line":38,"column":4},"end":{"line":38,"column":32}},"15":{"start":{"line":41,"column":17},"end":{"line":44,"column":3}},"16":{"start":{"line":42,"column":4},"end":{"line":42,"column":93}},"17":{"start":{"line":42,"column":32},"end":{"line":42,"column":91}},"18":{"start":{"line":43,"column":4},"end":{"line":43,"column":32}},"19":{"start":{"line":46,"column":21},"end":{"line":56,"column":3}},"20":{"start":{"line":47,"column":4},"end":{"line":49,"column":5}},"21":{"start":{"line":48,"column":6},"end":{"line":48,"column":68}},"22":{"start":{"line":48,"column":34},"end":{"line":48,"column":66}},"23":{"start":{"line":51,"column":4},"end":{"line":51,"column":85}},"24":{"start":{"line":51,"column":32},"end":{"line":51,"column":83}},"25":{"start":{"line":53,"column":4},"end":{"line":55,"column":5}},"26":{"start":{"line":54,"column":6},"end":{"line":54,"column":25}},"27":{"start":{"line":58,"column":21},"end":{"line":68,"column":3}},"28":{"start":{"line":59,"column":4},"end":{"line":61,"column":5}},"29":{"start":{"line":60,"column":6},"end":{"line":60,"column":68}},"30":{"start":{"line":60,"column":34},"end":{"line":60,"column":66}},"31":{"start":{"line":63,"column":4},"end":{"line":63,"column":85}},"32":{"start":{"line":63,"column":32},"end":{"line":63,"column":83}},"33":{"start":{"line":65,"column":4},"end":{"line":67,"column":5}},"34":{"start":{"line":66,"column":6},"end":{"line":66,"column":25}},"35":{"start":{"line":70,"column":21},"end":{"line":80,"column":3}},"36":{"start":{"line":71,"column":4},"end":{"line":73,"column":5}},"37":{"start":{"line":72,"column":6},"end":{"line":72,"column":68}},"38":{"start":{"line":72,"column":34},"end":{"line":72,"column":66}},"39":{"start":{"line":75,"column":4},"end":{"line":75,"column":85}},"40":{"start":{"line":75,"column":32},"end":{"line":75,"column":83}},"41":{"start":{"line":77,"column":4},"end":{"line":79,"column":5}},"42":{"start":{"line":78,"column":6},"end":{"line":78,"column":25}},"43":{"start":{"line":82,"column":21},"end":{"line":92,"column":3}},"44":{"start":{"line":83,"column":4},"end":{"line":85,"column":5}},"45":{"start":{"line":84,"column":6},"end":{"line":84,"column":68}},"46":{"start":{"line":84,"column":34},"end":{"line":84,"column":66}},"47":{"start":{"line":87,"column":4},"end":{"line":87,"column":85}},"48":{"start":{"line":87,"column":32},"end":{"line":87,"column":83}},"49":{"start":{"line":89,"column":4},"end":{"line":91,"column":5}},"50":{"start":{"line":90,"column":6},"end":{"line":90,"column":25}},"51":{"start":{"line":95,"column":4},"end":{"line":95,"column":57}},"52":{"start":{"line":100,"column":4},"end":{"line":127,"column":6}},"53":{"start":{"line":103,"column":53},"end":{"line":103,"column":117}},"54":{"start":{"line":131,"column":14},"end":{"line":154,"column":1}},"55":{"start":{"line":132,"column":2},"end":{"line":139,"column":3}},"56":{"start":{"line":133,"column":18},"end":{"line":133,"column":27}},"57":{"start":{"line":134,"column":4},"end":{"line":136,"column":5}},"58":{"start":{"line":135,"column":6},"end":{"line":135,"column":29}},"59":{"start":{"line":137,"column":18},"end":{"line":137,"column":37}},"60":{"start":{"line":138,"column":4},"end":{"line":138,"column":34}},"61":{"start":{"line":141,"column":2},"end":{"line":153,"column":4}}},"fnMap":{"0":{"name":"(anonymous_0)","decl":{"start":{"line":10,"column":2},"end":{"line":10,"column":3}},"loc":{"start":{"line":10,"column":16},"end":{"line":22,"column":3}},"line":10},"1":{"name":"(anonymous_1)","decl":{"start":{"line":24,"column":17},"end":{"line":24,"column":18}},"loc":{"start":{"line":24,"column":23},"end":{"line":27,"column":3}},"line":24},"2":{"name":"(anonymous_2)","decl":{"start":{"line":25,"column":18},"end":{"line":25,"column":19}},"loc":{"start":{"line":25,"column":32},"end":{"line":25,"column":99}},"line":25},"3":{"name":"(anonymous_3)","decl":{"start":{"line":29,"column":21},"end":{"line":29,"column":22}},"loc":{"start":{"line":29,"column":27},"end":{"line":35,"column":3}},"line":29},"4":{"name":"(anonymous_4)","decl":{"start":{"line":30,"column":18},"end":{"line":30,"column":19}},"loc":{"start":{"line":30,"column":32},"end":{"line":30,"column":60}},"line":30},"5":{"name":"(anonymous_5)","decl":{"start":{"line":37,"column":16},"end":{"line":37,"column":17}},"loc":{"start":{"line":37,"column":22},"end":{"line":39,"column":3}},"line":37},"6":{"name":"(anonymous_6)","decl":{"start":{"line":41,"column":17},"end":{"line":41,"column":18}},"loc":{"start":{"line":41,"column":23},"end":{"line":44,"column":3}},"line":41},"7":{"name":"(anonymous_7)","decl":{"start":{"line":42,"column":18},"end":{"line":42,"column":19}},"loc":{"start":{"line":42,"column":32},"end":{"line":42,"column":91}},"line":42},"8":{"name":"(anonymous_8)","decl":{"start":{"line":46,"column":21},"end":{"line":46,"column":22}},"loc":{"start":{"line":46,"column":27},"end":{"line":56,"column":3}},"line":46},"9":{"name":"(anonymous_9)","decl":{"start":{"line":48,"column":20},"end":{"line":48,"column":21}},"loc":{"start":{"line":48,"column":34},"end":{"line":48,"column":66}},"line":48},"10":{"name":"(anonymous_10)","decl":{"start":{"line":51,"column":18},"end":{"line":51,"column":19}},"loc":{"start":{"line":51,"column":32},"end":{"line":51,"column":83}},"line":51},"11":{"name":"(anonymous_11)","decl":{"start":{"line":58,"column":21},"end":{"line":58,"column":22}},"loc":{"start":{"line":58,"column":27},"end":{"line":68,"column":3}},"line":58},"12":{"name":"(anonymous_12)","decl":{"start":{"line":60,"column":20},"end":{"line":60,"column":21}},"loc":{"start":{"line":60,"column":34},"end":{"line":60,"column":66}},"line":60},"13":{"name":"(anonymous_13)","decl":{"start":{"line":63,"column":18},"end":{"line":63,"column":19}},"loc":{"start":{"line":63,"column":32},"end":{"line":63,"column":83}},"line":63},"14":{"name":"(anonymous_14)","decl":{"start":{"line":70,"column":21},"end":{"line":70,"column":22}},"loc":{"start":{"line":70,"column":27},"end":{"line":80,"column":3}},"line":70},"15":{"name":"(anonymous_15)","decl":{"start":{"line":72,"column":20},"end":{"line":72,"column":21}},"loc":{"start":{"line":72,"column":34},"end":{"line":72,"column":66}},"line":72},"16":{"name":"(anonymous_16)","decl":{"start":{"line":75,"column":18},"end":{"line":75,"column":19}},"loc":{"start":{"line":75,"column":32},"end":{"line":75,"column":83}},"line":75},"17":{"name":"(anonymous_17)","decl":{"start":{"line":82,"column":21},"end":{"line":82,"column":22}},"loc":{"start":{"line":82,"column":27},"end":{"line":92,"column":3}},"line":82},"18":{"name":"(anonymous_18)","decl":{"start":{"line":84,"column":20},"end":{"line":84,"column":21}},"loc":{"start":{"line":84,"column":34},"end":{"line":84,"column":66}},"line":84},"19":{"name":"(anonymous_19)","decl":{"start":{"line":87,"column":18},"end":{"line":87,"column":19}},"loc":{"start":{"line":87,"column":32},"end":{"line":87,"column":83}},"line":87},"20":{"name":"(anonymous_20)","decl":{"start":{"line":94,"column":2},"end":{"line":94,"column":3}},"loc":{"start":{"line":94,"column":11},"end":{"line":96,"column":3}},"line":94},"21":{"name":"(anonymous_21)","decl":{"start":{"line":98,"column":2},"end":{"line":98,"column":3}},"loc":{"start":{"line":98,"column":11},"end":{"line":128,"column":3}},"line":98},"22":{"name":"(anonymous_22)","decl":{"start":{"line":103,"column":23},"end":{"line":103,"column":24}},"loc":{"start":{"line":103,"column":53},"end":{"line":103,"column":117}},"line":103},"23":{"name":"(anonymous_23)","decl":{"start":{"line":131,"column":14},"end":{"line":131,"column":15}},"loc":{"start":{"line":131,"column":23},"end":{"line":154,"column":1}},"line":131},"24":{"name":"(anonymous_24)","decl":{"start":{"line":132,"column":15},"end":{"line":132,"column":16}},"loc":{"start":{"line":132,"column":25},"end":{"line":139,"column":3}},"line":132}},"branchMap":{"0":{"loc":{"start":{"line":31,"column":4},"end":{"line":34,"column":5}},"type":"if","locations":[{"start":{"line":31,"column":4},"end":{"line":34,"column":5}},{"start":{"line":31,"column":4},"end":{"line":34,"column":5}}],"line":31},"1":{"loc":{"start":{"line":47,"column":4},"end":{"line":49,"column":5}},"type":"if","locations":[{"start":{"line":47,"column":4},"end":{"line":49,"column":5}},{"start":{"line":47,"column":4},"end":{"line":49,"column":5}}],"line":47},"2":{"loc":{"start":{"line":53,"column":4},"end":{"line":55,"column":5}},"type":"if","locations":[{"start":{"line":53,"column":4},"end":{"line":55,"column":5}},{"start":{"line":53,"column":4},"end":{"line":55,"column":5}}],"line":53},"3":{"loc":{"start":{"line":59,"column":4},"end":{"line":61,"column":5}},"type":"if","locations":[{"start":{"line":59,"column":4},"end":{"line":61,"column":5}},{"start":{"line":59,"column":4},"end":{"line":61,"column":5}}],"line":59},"4":{"loc":{"start":{"line":65,"column":4},"end":{"line":67,"column":5}},"type":"if","locations":[{"start":{"line":65,"column":4},"end":{"line":67,"column":5}},{"start":{"line":65,"column":4},"end":{"line":67,"column":5}}],"line":65},"5":{"loc":{"start":{"line":71,"column":4},"end":{"line":73,"column":5}},"type":"if","locations":[{"start":{"line":71,"column":4},"end":{"line":73,"column":5}},{"start":{"line":71,"column":4},"end":{"line":73,"column":5}}],"line":71},"6":{"loc":{"start":{"line":77,"column":4},"end":{"line":79,"column":5}},"type":"if","locations":[{"start":{"line":77,"column":4},"end":{"line":79,"column":5}},{"start":{"line":77,"column":4},"end":{"line":79,"column":5}}],"line":77},"7":{"loc":{"start":{"line":83,"column":4},"end":{"line":85,"column":5}},"type":"if","locations":[{"start":{"line":83,"column":4},"end":{"line":85,"column":5}},{"start":{"line":83,"column":4},"end":{"line":85,"column":5}}],"line":83},"8":{"loc":{"start":{"line":89,"column":4},"end":{"line":91,"column":5}},"type":"if","locations":[{"start":{"line":89,"column":4},"end":{"line":91,"column":5}},{"start":{"line":89,"column":4},"end":{"line":91,"column":5}}],"line":89},"9":{"loc":{"start":{"line":134,"column":4},"end":{"line":136,"column":5}},"type":"if","locations":[{"start":{"line":134,"column":4},"end":{"line":136,"column":5}},{"start":{"line":134,"column":4},"end":{"line":136,"column":5}}],"line":134}},"s":{"0":2,"1":2,"2":2,"3":2,"4":0,"5":0,"6":0,"7":2,"8":0,"9":0,"10":0,"11":0,"12":0,"13":2,"14":0,"15":2,"16":0,"17":0,"18":0,"19":2,"20":0,"21":0,"22":0,"23":0,"24":0,"25":0,"26":0,"27":2,"28":0,"29":0,"30":0,"31":0,"32":0,"33":0,"34":0,"35":2,"36":0,"37":0,"38":0,"39":0,"40":0,"41":0,"42":0,"43":2,"44":0,"45":0,"46":0,"47":0,"48":0,"49":0,"50":0,"51":0,"52":2,"53":0,"54":1,"55":2,"56":0,"57":0,"58":0,"59":0,"60":0,"61":2},"f":{"0":2,"1":0,"2":0,"3":0,"4":0,"5":0,"6":0,"7":0,"8":0,"9":0,"10":0,"11":0,"12":0,"13":0,"14":0,"15":0,"16":0,"17":0,"18":0,"19":0,"20":0,"21":2,"22":0,"23":2,"24":0},"b":{"0":[0,0],"1":[0,0],"2":[0,0],"3":[0,0],"4":[0,0],"5":[0,0],"6":[0,0],"7":[0,0],"8":[0,0],"9":[0,0]},"_coverageSchema":"1a1c01bbd47fc00a2c39e90264f33305004495a9","hash":"22f8c698203d11cbc454fea0dba02757807d3c5a"}
,"/Users/gracebarna/HealthyLatinaLifestyle/Healthy-Latina-Lifestyle-Mobile-App/src/styles/Colors.js": {"path":"/Users/gracebarna/HealthyLatinaLifestyle/Healthy-Latina-Lifestyle-Mobile-App/src/styles/Colors.js","statementMap":{"0":{"start":{"line":2,"column":0},"end":{"line":19,"column":1}}},"fnMap":{},"branchMap":{},"s":{"0":7},"f":{},"b":{},"_coverageSchema":"1a1c01bbd47fc00a2c39e90264f33305004495a9","hash":"f3e21733682486056ee2e5eb10d86f1fe4a3a42b"}
,"/Users/gracebarna/HealthyLatinaLifestyle/Healthy-Latina-Lifestyle-Mobile-App/src/styles/Styles.js": {"path":"/Users/gracebarna/HealthyLatinaLifestyle/Healthy-Latina-Lifestyle-Mobile-App/src/styles/Styles.js","statementMap":{"0":{"start":{"line":5,"column":22},"end":{"line":358,"column":2}}},"fnMap":{},"branchMap":{},"s":{"0":7},"f":{},"b":{},"_coverageSchema":"1a1c01bbd47fc00a2c39e90264f33305004495a9","hash":"dfdc0143ee0ad91546c6f3759657b446988ed269"}
}
