TN:
SF:assets/add-plus-button.png
FNF:0
FNH:0
DA:1,1
LF:1
LH:1
BRF:0
BRH:0
end_of_record
TN:
SF:assets/logo-icon.png
FNF:0
FNH:0
DA:1,1
LF:1
LH:1
BRF:0
BRH:0
end_of_record
TN:
SF:assets/logo-title.png
FNF:0
FNH:0
DA:1,1
LF:1
LH:1
BRF:0
BRH:0
end_of_record
TN:
SF:assets/meditation.png
FNF:0
FNH:0
DA:1,1
LF:1
LH:1
BRF:0
BRH:0
end_of_record
TN:
SF:assets/timer.png
FNF:0
FNH:0
DA:1,1
LF:1
LH:1
BRF:0
BRH:0
end_of_record
TN:
SF:assets/temporary/Meditation3.png
FNF:0
FNH:0
DA:1,1
LF:1
LH:1
BRF:0
BRH:0
end_of_record
TN:
SF:src/components/ContentFilter.js
FN:27,(anonymous_0)
FN:28,(anonymous_1)
FN:40,(anonymous_2)
FN:43,(anonymous_3)
FN:56,(anonymous_4)
FN:59,(anonymous_5)
FN:73,(anonymous_6)
FN:74,(anonymous_7)
FN:86,(anonymous_8)
FN:89,(anonymous_9)
FN:102,(anonymous_10)
FN:105,(anonymous_11)
FN:119,(anonymous_12)
FN:120,(anonymous_13)
FN:129,(anonymous_14)
FN:134,(anonymous_15)
FN:137,(anonymous_16)
FN:153,(anonymous_17)
FN:154,(anonymous_18)
FN:166,(anonymous_19)
FN:169,(anonymous_20)
FN:176,(anonymous_21)
FN:176,(anonymous_22)
FN:182,(anonymous_23)
FN:185,(anonymous_24)
FN:192,(anonymous_25)
FN:192,(anonymous_26)
FN:198,(anonymous_27)
FN:201,(anonymous_28)
FN:208,(anonymous_29)
FN:208,(anonymous_30)
FN:215,(anonymous_31)
FN:227,(anonymous_32)
FN:263,(anonymous_33)
FN:272,(anonymous_34)
FN:295,(anonymous_35)
FN:302,(anonymous_36)
FN:309,(anonymous_37)
FN:316,(anonymous_38)
FN:316,(anonymous_39)
FN:325,(anonymous_40)
FN:326,(anonymous_41)
FN:327,(anonymous_42)
FN:331,(anonymous_43)
FN:331,(anonymous_44)
FN:334,(anonymous_45)
FN:334,(anonymous_46)
FN:337,(anonymous_47)
FN:337,(anonymous_48)
FN:341,(anonymous_49)
FNF:50
FNH:0
FNDA:0,(anonymous_0)
FNDA:0,(anonymous_1)
FNDA:0,(anonymous_2)
FNDA:0,(anonymous_3)
FNDA:0,(anonymous_4)
FNDA:0,(anonymous_5)
FNDA:0,(anonymous_6)
FNDA:0,(anonymous_7)
FNDA:0,(anonymous_8)
FNDA:0,(anonymous_9)
FNDA:0,(anonymous_10)
FNDA:0,(anonymous_11)
FNDA:0,(anonymous_12)
FNDA:0,(anonymous_13)
FNDA:0,(anonymous_14)
FNDA:0,(anonymous_15)
FNDA:0,(anonymous_16)
FNDA:0,(anonymous_17)
FNDA:0,(anonymous_18)
FNDA:0,(anonymous_19)
FNDA:0,(anonymous_20)
FNDA:0,(anonymous_21)
FNDA:0,(anonymous_22)
FNDA:0,(anonymous_23)
FNDA:0,(anonymous_24)
FNDA:0,(anonymous_25)
FNDA:0,(anonymous_26)
FNDA:0,(anonymous_27)
FNDA:0,(anonymous_28)
FNDA:0,(anonymous_29)
FNDA:0,(anonymous_30)
FNDA:0,(anonymous_31)
FNDA:0,(anonymous_32)
FNDA:0,(anonymous_33)
FNDA:0,(anonymous_34)
FNDA:0,(anonymous_35)
FNDA:0,(anonymous_36)
FNDA:0,(anonymous_37)
FNDA:0,(anonymous_38)
FNDA:0,(anonymous_39)
FNDA:0,(anonymous_40)
FNDA:0,(anonymous_41)
FNDA:0,(anonymous_42)
FNDA:0,(anonymous_43)
FNDA:0,(anonymous_44)
FNDA:0,(anonymous_45)
FNDA:0,(anonymous_46)
FNDA:0,(anonymous_47)
FNDA:0,(anonymous_48)
FNDA:0,(anonymous_49)
DA:6,1
DA:27,1
DA:28,0
DA:29,0
DA:32,0
DA:41,0
DA:43,0
DA:47,0
DA:57,0
DA:59,0
DA:63,0
DA:73,1
DA:74,0
DA:75,0
DA:78,0
DA:87,0
DA:89,0
DA:93,0
DA:103,0
DA:105,0
DA:109,0
DA:119,1
DA:120,0
DA:121,0
DA:124,0
DA:130,0
DA:135,0
DA:137,0
DA:141,0
DA:153,1
DA:154,0
DA:155,0
DA:158,0
DA:167,0
DA:169,0
DA:173,0
DA:176,0
DA:183,0
DA:185,0
DA:189,0
DA:192,0
DA:199,0
DA:201,0
DA:205,0
DA:208,0
DA:215,1
DA:216,0
DA:217,0
DA:218,0
DA:219,0
DA:221,0
DA:228,0
DA:264,0
DA:273,0
DA:279,0
DA:280,0
DA:281,0
DA:295,1
DA:297,0
DA:299,0
DA:300,0
DA:302,0
DA:306,0
DA:307,0
DA:309,0
DA:313,0
DA:314,0
DA:316,0
DA:320,0
DA:321,0
DA:323,0
DA:325,0
DA:326,0
DA:327,0
DA:330,0
DA:331,0
DA:333,0
DA:334,0
DA:336,0
DA:337,0
DA:341,0
DA:346,0
LF:82
LH:7
BRDA:38,0,0,0
BRDA:38,0,1,0
BRDA:39,1,0,0
BRDA:39,1,1,0
BRDA:41,2,0,0
BRDA:41,2,1,0
BRDA:54,3,0,0
BRDA:54,3,1,0
BRDA:55,4,0,0
BRDA:55,4,1,0
BRDA:57,5,0,0
BRDA:57,5,1,0
BRDA:84,6,0,0
BRDA:84,6,1,0
BRDA:85,7,0,0
BRDA:85,7,1,0
BRDA:87,8,0,0
BRDA:87,8,1,0
BRDA:100,9,0,0
BRDA:100,9,1,0
BRDA:101,10,0,0
BRDA:101,10,1,0
BRDA:103,11,0,0
BRDA:103,11,1,0
BRDA:132,12,0,0
BRDA:132,12,1,0
BRDA:133,13,0,0
BRDA:133,13,1,0
BRDA:135,14,0,0
BRDA:135,14,1,0
BRDA:164,15,0,0
BRDA:164,15,1,0
BRDA:165,16,0,0
BRDA:165,16,1,0
BRDA:167,17,0,0
BRDA:167,17,1,0
BRDA:180,18,0,0
BRDA:180,18,1,0
BRDA:181,19,0,0
BRDA:181,19,1,0
BRDA:183,20,0,0
BRDA:183,20,1,0
BRDA:196,21,0,0
BRDA:196,21,1,0
BRDA:197,22,0,0
BRDA:197,22,1,0
BRDA:199,23,0,0
BRDA:199,23,1,0
BRDA:232,24,0,0
BRDA:232,24,1,0
BRDA:238,25,0,0
BRDA:238,25,1,0
BRDA:244,26,0,0
BRDA:244,26,1,0
BRDA:251,27,0,0
BRDA:251,27,1,0
BRDA:299,28,0,0
BRDA:299,28,1,0
BRDA:300,29,0,0
BRDA:300,29,1,0
BRDA:306,30,0,0
BRDA:306,30,1,0
BRDA:307,31,0,0
BRDA:307,31,1,0
BRDA:313,32,0,0
BRDA:313,32,1,0
BRDA:314,33,0,0
BRDA:314,33,1,0
BRDA:320,34,0,0
BRDA:320,34,1,0
BRDA:321,35,0,0
BRDA:321,35,1,0
BRDA:330,36,0,0
BRDA:330,36,1,0
BRDA:331,37,0,0
BRDA:331,37,1,0
BRDA:333,38,0,0
BRDA:333,38,1,0
BRDA:334,39,0,0
BRDA:334,39,1,0
BRDA:336,40,0,0
BRDA:336,40,1,0
BRF:82
BRH:0
end_of_record
TN:
SF:src/components/ContentList.js
FN:11,(anonymous_0)
FN:17,(anonymous_1)
FN:18,(anonymous_2)
FN:23,(anonymous_3)
FN:32,(anonymous_4)
FN:46,(anonymous_5)
FN:49,(anonymous_6)
FN:50,(anonymous_7)
FN:53,(anonymous_8)
FN:60,(anonymous_9)
FN:62,(anonymous_10)
FN:72,(anonymous_11)
FN:97,(anonymous_12)
FNF:13
FNH:0
FNDA:0,(anonymous_0)
FNDA:0,(anonymous_1)
FNDA:0,(anonymous_2)
FNDA:0,(anonymous_3)
FNDA:0,(anonymous_4)
FNDA:0,(anonymous_5)
FNDA:0,(anonymous_6)
FNDA:0,(anonymous_7)
FNDA:0,(anonymous_8)
FNDA:0,(anonymous_9)
FNDA:0,(anonymous_10)
FNDA:0,(anonymous_11)
FNDA:0,(anonymous_12)
DA:11,1
DA:12,0
DA:17,0
DA:18,0
DA:23,1
DA:26,0
DA:27,0
DA:29,0
DA:32,0
DA:46,1
DA:47,0
DA:48,0
DA:49,0
DA:50,0
DA:51,0
DA:52,0
DA:55,0
DA:56,0
DA:59,0
DA:60,0
DA:62,0
DA:63,0
DA:66,0
DA:67,0
DA:73,0
DA:77,0
DA:80,0
DA:81,0
DA:82,0
DA:88,0
DA:90,0
DA:98,0
LF:32
LH:3
BRDA:13,0,0,0
BRDA:13,0,1,0
BRDA:27,1,0,0
BRDA:27,1,1,0
BRDA:55,2,0,0
BRDA:55,2,1,0
BRDA:66,3,0,0
BRDA:66,3,1,0
BRDA:91,4,0,0
BRDA:91,4,1,0
BRF:10
BRH:0
end_of_record
TN:
SF:src/components/Controller.js
FN:6,Controller
FNF:1
FNH:1
FNDA:2,Controller
DA:7,2
LF:1
LH:1
BRF:0
BRH:0
end_of_record
TN:
SF:src/components/LoadingSpinner.js
FN:6,(anonymous_0)
FNF:1
FNH:1
FNDA:2,(anonymous_0)
DA:6,1
DA:7,2
LF:2
LH:2
BRF:0
BRH:0
end_of_record
TN:
SF:src/components/PlayerSlider.js
FN:8,(anonymous_0)
FN:22,(anonymous_1)
FN:23,(anonymous_2)
FNF:3
FNH:1
FNDA:2,(anonymous_0)
FNDA:0,(anonymous_1)
FNDA:0,(anonymous_2)
DA:8,1
DA:11,2
DA:12,2
DA:15,2
DA:16,2
DA:18,2
DA:22,0
DA:23,0
LF:8
LH:6
BRDA:15,0,0,2
BRDA:15,0,1,0
BRDA:16,1,0,2
BRDA:16,1,1,0
BRF:4
BRH:2
end_of_record
TN:
SF:src/components/Tags.js
FN:5,(anonymous_0)
FN:18,(anonymous_1)
FNF:2
FNH:0
FNDA:0,(anonymous_0)
FNDA:0,(anonymous_1)
DA:5,2
DA:7,0
DA:9,0
DA:10,0
DA:12,0
DA:13,0
DA:15,0
DA:18,0
DA:20,0
LF:9
LH:1
BRDA:7,0,0,0
BRDA:7,0,1,0
BRDA:7,0,2,0
BRDA:22,1,0,0
BRDA:22,1,1,0
BRF:5
BRH:0
end_of_record
TN:
SF:src/components/actionbuttons.js
FN:6,(anonymous_0)
FN:22,(anonymous_1)
FN:28,(anonymous_2)
FN:34,(anonymous_3)
FNF:4
FNH:0
FNDA:0,(anonymous_0)
FNDA:0,(anonymous_1)
FNDA:0,(anonymous_2)
FNDA:0,(anonymous_3)
DA:6,1
DA:7,0
DA:22,1
DA:23,0
DA:28,1
DA:29,0
DA:34,1
DA:35,0
LF:8
LH:4
BRF:0
BRH:0
end_of_record
TN:
SF:src/components/selectors.js
FN:5,(anonymous_0)
FN:20,(anonymous_1)
FN:30,(anonymous_2)
FN:44,(anonymous_3)
FN:58,(anonymous_4)
FNF:5
FNH:0
FNDA:0,(anonymous_0)
FNDA:0,(anonymous_1)
FNDA:0,(anonymous_2)
FNDA:0,(anonymous_3)
FNDA:0,(anonymous_4)
DA:5,1
DA:6,0
DA:20,1
DA:21,0
DA:30,1
DA:31,0
DA:44,1
DA:45,0
DA:58,1
DA:59,0
LF:10
LH:5
BRDA:36,0,0,0
BRDA:36,0,1,0
BRDA:50,1,0,0
BRDA:50,1,1,0
BRF:4
BRH:0
end_of_record
TN:
SF:src/components/timerview.js
FN:8,(anonymous_0)
FNF:1
FNH:0
FNDA:0,(anonymous_0)
DA:8,1
DA:9,0
LF:2
LH:1
BRF:0
BRH:0
end_of_record
TN:
SF:src/screens/EditAccount.js
FN:14,(anonymous_0)
FN:20,createTwoButtonAlertForDelete
FN:29,(anonymous_2)
FN:35,createTwoButtonAlertForUpdate
FN:44,(anonymous_4)
FN:52,updateProfile
FN:75,deleteAccount
FN:82,(anonymous_7)
FN:86,(anonymous_8)
FN:116,(anonymous_9)
FN:124,(anonymous_10)
FN:132,(anonymous_11)
FN:139,(anonymous_12)
FN:145,(anonymous_13)
FN:150,(anonymous_14)
FNF:15
FNH:1
FNDA:2,(anonymous_0)
FNDA:0,createTwoButtonAlertForDelete
FNDA:0,(anonymous_2)
FNDA:0,createTwoButtonAlertForUpdate
FNDA:0,(anonymous_4)
FNDA:0,updateProfile
FNDA:0,deleteAccount
FNDA:0,(anonymous_7)
FNDA:0,(anonymous_8)
FNDA:0,(anonymous_9)
FNDA:0,(anonymous_10)
FNDA:0,(anonymous_11)
FNDA:0,(anonymous_12)
FNDA:0,(anonymous_13)
FNDA:0,(anonymous_14)
DA:14,1
DA:16,2
DA:17,2
DA:18,2
DA:21,0
DA:29,0
DA:36,0
DA:44,0
DA:54,0
DA:56,0
DA:59,0
DA:61,0
DA:67,0
DA:76,0
DA:79,0
DA:80,0
DA:82,0
DA:89,0
DA:93,2
DA:116,0
DA:124,0
DA:132,0
DA:139,0
DA:145,0
DA:150,0
LF:25
LH:5
BRF:0
BRH:0
end_of_record
TN:
SF:src/screens/Home.js
FN:6,(anonymous_0)
FN:19,(anonymous_1)
FN:23,(anonymous_2)
FN:27,(anonymous_3)
FNF:4
FNH:1
FNDA:2,(anonymous_0)
FNDA:0,(anonymous_1)
FNDA:0,(anonymous_2)
FNDA:0,(anonymous_3)
DA:6,1
DA:8,2
DA:19,0
DA:23,0
DA:27,0
LF:5
LH:2
BRF:0
BRH:0
end_of_record
TN:
SF:src/screens/Login.js
FN:17,(anonymous_0)
FN:23,handleLogon
FN:28,(anonymous_2)
FN:30,(anonymous_3)
FN:38,handlePasswordReset
FN:60,(anonymous_5)
FN:70,(anonymous_6)
FN:77,(anonymous_7)
FN:82,(anonymous_8)
FN:90,(anonymous_9)
FNF:10
FNH:1
FNDA:2,(anonymous_0)
FNDA:0,handleLogon
FNDA:0,(anonymous_2)
FNDA:0,(anonymous_3)
FNDA:0,handlePasswordReset
FNDA:0,(anonymous_5)
FNDA:0,(anonymous_6)
FNDA:0,(anonymous_7)
FNDA:0,(anonymous_8)
FNDA:0,(anonymous_9)
DA:17,1
DA:19,2
DA:20,2
DA:21,2
DA:25,0
DA:28,0
DA:30,0
DA:39,0
DA:40,0
DA:43,2
DA:60,0
DA:70,0
DA:77,0
DA:82,0
DA:90,0
LF:15
LH:5
BRDA:86,0,0,2
BRDA:86,0,1,0
BRF:2
BRH:1
end_of_record
TN:
SF:src/screens/Meditation.js
FN:8,(anonymous_0)
FN:11,(anonymous_1)
FN:14,(anonymous_2)
FN:18,(anonymous_3)
FNF:4
FNH:1
FNDA:0,(anonymous_0)
FNDA:0,(anonymous_1)
FNDA:0,(anonymous_2)
FNDA:2,(anonymous_3)
DA:8,1
DA:9,0
DA:11,1
DA:12,0
DA:14,1
DA:15,0
DA:18,1
DA:19,2
DA:21,2
DA:22,2
LF:10
LH:7
BRF:0
BRH:0
end_of_record
TN:
SF:src/screens/MeditationList.js
FN:14,(anonymous_0)
FN:18,(anonymous_1)
FN:19,(anonymous_2)
FN:22,(anonymous_3)
FN:29,(anonymous_4)
FN:37,(anonymous_5)
FN:40,(anonymous_6)
FN:43,(anonymous_7)
FN:45,(anonymous_8)
FN:58,(anonymous_9)
FN:75,(anonymous_10)
FN:81,(anonymous_11)
FNF:12
FNH:3
FNDA:2,(anonymous_0)
FNDA:1,(anonymous_1)
FNDA:1,(anonymous_2)
FNDA:0,(anonymous_3)
FNDA:0,(anonymous_4)
FNDA:0,(anonymous_5)
FNDA:0,(anonymous_6)
FNDA:0,(anonymous_7)
FNDA:0,(anonymous_8)
FNDA:0,(anonymous_9)
FNDA:0,(anonymous_10)
FNDA:0,(anonymous_11)
DA:14,1
DA:15,2
DA:16,2
DA:18,2
DA:19,1
DA:20,1
DA:21,0
DA:24,0
DA:25,0
DA:28,0
DA:29,0
DA:30,0
DA:31,0
DA:34,0
DA:35,0
DA:36,0
DA:38,0
DA:41,0
DA:45,0
DA:47,0
DA:51,0
DA:52,0
DA:59,0
DA:63,1
DA:66,2
DA:75,0
DA:81,0
LF:27
LH:8
BRDA:24,0,0,0
BRDA:24,0,1,0
BRDA:51,1,0,0
BRDA:51,1,1,0
BRDA:70,2,0,0
BRDA:70,2,1,2
BRF:6
BRH:1
end_of_record
TN:
SF:src/screens/Register.js
FN:12,(anonymous_0)
FN:19,createAccount
FN:32,(anonymous_2)
FN:35,(anonymous_3)
FN:56,(anonymous_4)
FN:64,(anonymous_5)
FN:72,(anonymous_6)
FN:81,(anonymous_7)
FN:88,(anonymous_8)
FNF:9
FNH:1
FNDA:2,(anonymous_0)
FNDA:0,createAccount
FNDA:0,(anonymous_2)
FNDA:0,(anonymous_3)
FNDA:0,(anonymous_4)
FNDA:0,(anonymous_5)
FNDA:0,(anonymous_6)
FNDA:0,(anonymous_7)
FNDA:0,(anonymous_8)
DA:12,1
DA:14,2
DA:15,2
DA:16,2
DA:17,2
DA:22,0
DA:24,0
DA:26,0
DA:27,0
DA:33,0
DA:36,0
DA:41,0
DA:45,2
DA:56,0
DA:64,0
DA:72,0
DA:81,0
DA:88,0
LF:18
LH:6
BRF:0
BRH:0
end_of_record
TN:
SF:src/screens/Timer.js
FN:10,(anonymous_0)
FN:24,(anonymous_1)
FN:25,(anonymous_2)
FN:29,(anonymous_3)
FN:30,(anonymous_4)
FN:37,(anonymous_5)
FN:41,(anonymous_6)
FN:42,(anonymous_7)
FN:46,(anonymous_8)
FN:48,(anonymous_9)
FN:51,(anonymous_10)
FN:58,(anonymous_11)
FN:60,(anonymous_12)
FN:63,(anonymous_13)
FN:70,(anonymous_14)
FN:72,(anonymous_15)
FN:75,(anonymous_16)
FN:82,(anonymous_17)
FN:84,(anonymous_18)
FN:87,(anonymous_19)
FN:94,(anonymous_20)
FN:98,(anonymous_21)
FN:103,(anonymous_22)
FN:131,(anonymous_23)
FN:132,(anonymous_24)
FNF:25
FNH:3
FNDA:2,(anonymous_0)
FNDA:0,(anonymous_1)
FNDA:0,(anonymous_2)
FNDA:0,(anonymous_3)
FNDA:0,(anonymous_4)
FNDA:0,(anonymous_5)
FNDA:0,(anonymous_6)
FNDA:0,(anonymous_7)
FNDA:0,(anonymous_8)
FNDA:0,(anonymous_9)
FNDA:0,(anonymous_10)
FNDA:0,(anonymous_11)
FNDA:0,(anonymous_12)
FNDA:0,(anonymous_13)
FNDA:0,(anonymous_14)
FNDA:0,(anonymous_15)
FNDA:0,(anonymous_16)
FNDA:0,(anonymous_17)
FNDA:0,(anonymous_18)
FNDA:0,(anonymous_19)
FNDA:0,(anonymous_20)
FNDA:2,(anonymous_21)
FNDA:0,(anonymous_22)
FNDA:2,(anonymous_23)
FNDA:0,(anonymous_24)
DA:11,2
DA:12,2
DA:21,2
DA:24,2
DA:25,0
DA:26,0
DA:29,2
DA:30,0
DA:31,0
DA:32,0
DA:33,0
DA:37,2
DA:38,0
DA:41,2
DA:42,0
DA:43,0
DA:46,2
DA:47,0
DA:48,0
DA:51,0
DA:53,0
DA:54,0
DA:58,2
DA:59,0
DA:60,0
DA:63,0
DA:65,0
DA:66,0
DA:70,2
DA:71,0
DA:72,0
DA:75,0
DA:77,0
DA:78,0
DA:82,2
DA:83,0
DA:84,0
DA:87,0
DA:89,0
DA:90,0
DA:95,0
DA:100,2
DA:103,0
DA:131,1
DA:132,2
DA:133,0
DA:134,0
DA:135,0
DA:137,0
DA:138,0
DA:141,2
LF:51
LH:15
BRDA:31,0,0,0
BRDA:31,0,1,0
BRDA:47,1,0,0
BRDA:47,1,1,0
BRDA:53,2,0,0
BRDA:53,2,1,0
BRDA:59,3,0,0
BRDA:59,3,1,0
BRDA:65,4,0,0
BRDA:65,4,1,0
BRDA:71,5,0,0
BRDA:71,5,1,0
BRDA:77,6,0,0
BRDA:77,6,1,0
BRDA:83,7,0,0
BRDA:83,7,1,0
BRDA:89,8,0,0
BRDA:89,8,1,0
BRDA:134,9,0,0
BRDA:134,9,1,0
BRF:20
BRH:0
end_of_record
TN:
SF:src/styles/Colors.js
FNF:0
FNH:0
DA:2,7
LF:1
LH:1
BRF:0
BRH:0
end_of_record
TN:
SF:src/styles/Styles.js
FNF:0
FNH:0
DA:5,7
LF:1
LH:1
BRF:0
BRH:0
end_of_record
